{"C:\\Users\\maurisio\\Desktop\\reactito\\src\\services\\pedidos.service.ts": {"path":"C:\\Users\\maurisio\\Desktop\\reactito\\src\\services\\pedidos.service.ts","statementMap":{"0":{"start":{"line":40,"column":20},"end":{"line":40,"column":null}},"1":{"start":{"line":43,"column":15},"end":{"line":43,"column":null}},"2":{"start":{"line":44,"column":2},"end":{"line":46,"column":null}},"3":{"start":{"line":45,"column":4},"end":{"line":45,"column":null}},"4":{"start":{"line":47,"column":2},"end":{"line":52,"column":null}},"5":{"start":{"line":48,"column":4},"end":{"line":48,"column":null}},"6":{"start":{"line":50,"column":4},"end":{"line":50,"column":null}},"7":{"start":{"line":51,"column":4},"end":{"line":51,"column":null}},"8":{"start":{"line":56,"column":2},"end":{"line":56,"column":null}},"9":{"start":{"line":60,"column":20},"end":{"line":60,"column":null}},"10":{"start":{"line":61,"column":17},"end":{"line":61,"column":null}},"11":{"start":{"line":62,"column":2},"end":{"line":62,"column":null}},"12":{"start":{"line":93,"column":2},"end":{"line":124,"column":null}},"13":{"start":{"line":94,"column":18},"end":{"line":94,"column":null}},"14":{"start":{"line":96,"column":33},"end":{"line":108,"column":null}},"15":{"start":{"line":110,"column":4},"end":{"line":110,"column":null}},"16":{"start":{"line":111,"column":4},"end":{"line":111,"column":null}},"17":{"start":{"line":113,"column":4},"end":{"line":117,"column":null}},"18":{"start":{"line":119,"column":4},"end":{"line":119,"column":null}},"19":{"start":{"line":120,"column":4},"end":{"line":123,"column":null}},"20":{"start":{"line":128,"column":16},"end":{"line":128,"column":null}},"21":{"start":{"line":129,"column":2},"end":{"line":129,"column":null}},"22":{"start":{"line":129,"column":33},"end":{"line":129,"column":49}},"23":{"start":{"line":133,"column":16},"end":{"line":133,"column":null}},"24":{"start":{"line":134,"column":2},"end":{"line":134,"column":null}},"25":{"start":{"line":134,"column":35},"end":{"line":134,"column":null}},"26":{"start":{"line":138,"column":16},"end":{"line":138,"column":null}},"27":{"start":{"line":139,"column":2},"end":{"line":139,"column":null}},"28":{"start":{"line":143,"column":2},"end":{"line":165,"column":null}},"29":{"start":{"line":144,"column":18},"end":{"line":144,"column":null}},"30":{"start":{"line":146,"column":4},"end":{"line":151,"column":null}},"31":{"start":{"line":147,"column":21},"end":{"line":147,"column":null}},"32":{"start":{"line":147,"column":45},"end":{"line":147,"column":null}},"33":{"start":{"line":148,"column":6},"end":{"line":150,"column":null}},"34":{"start":{"line":149,"column":8},"end":{"line":149,"column":null}},"35":{"start":{"line":153,"column":4},"end":{"line":153,"column":null}},"36":{"start":{"line":155,"column":4},"end":{"line":158,"column":null}},"37":{"start":{"line":160,"column":4},"end":{"line":160,"column":null}},"38":{"start":{"line":161,"column":4},"end":{"line":164,"column":null}},"39":{"start":{"line":172,"column":2},"end":{"line":196,"column":null}},"40":{"start":{"line":173,"column":18},"end":{"line":173,"column":null}},"41":{"start":{"line":174,"column":18},"end":{"line":174,"column":null}},"42":{"start":{"line":174,"column":47},"end":{"line":174,"column":null}},"43":{"start":{"line":176,"column":4},"end":{"line":181,"column":null}},"44":{"start":{"line":177,"column":6},"end":{"line":180,"column":null}},"45":{"start":{"line":183,"column":4},"end":{"line":183,"column":null}},"46":{"start":{"line":184,"column":4},"end":{"line":184,"column":null}},"47":{"start":{"line":186,"column":4},"end":{"line":189,"column":null}},"48":{"start":{"line":191,"column":4},"end":{"line":191,"column":null}},"49":{"start":{"line":192,"column":4},"end":{"line":195,"column":null}}},"fnMap":{"0":{"name":"obtenerDatosPedidos","decl":{"start":{"line":42,"column":9},"end":{"line":42,"column":null}},"loc":{"start":{"line":42,"column":9},"end":{"line":53,"column":null}},"line":42},"1":{"name":"guardarDatosPedidos","decl":{"start":{"line":55,"column":9},"end":{"line":55,"column":29}},"loc":{"start":{"line":55,"column":48},"end":{"line":57,"column":null}},"line":55},"2":{"name":"generarIdPedido","decl":{"start":{"line":59,"column":9},"end":{"line":59,"column":null}},"loc":{"start":{"line":59,"column":9},"end":{"line":63,"column":null}},"line":59},"3":{"name":"crearPedido","decl":{"start":{"line":65,"column":16},"end":{"line":65,"column":null}},"loc":{"start":{"line":91,"column":15},"end":{"line":125,"column":null}},"line":91},"4":{"name":"obtenerPedido","decl":{"start":{"line":127,"column":16},"end":{"line":127,"column":30}},"loc":{"start":{"line":127,"column":40},"end":{"line":130,"column":null}},"line":127},"5":{"name":"(anonymous_5)","decl":{"start":{"line":129,"column":28},"end":{"line":129,"column":33}},"loc":{"start":{"line":129,"column":33},"end":{"line":129,"column":49}},"line":129},"6":{"name":"obtenerPedidosUsuario","decl":{"start":{"line":132,"column":16},"end":{"line":132,"column":38}},"loc":{"start":{"line":132,"column":51},"end":{"line":135,"column":null}},"line":132},"7":{"name":"(anonymous_7)","decl":{"start":{"line":134,"column":30},"end":{"line":134,"column":35}},"loc":{"start":{"line":134,"column":35},"end":{"line":134,"column":null}},"line":134},"8":{"name":"obtenerTodosLosPedidos","decl":{"start":{"line":137,"column":16},"end":{"line":137,"column":null}},"loc":{"start":{"line":137,"column":16},"end":{"line":140,"column":null}},"line":137},"9":{"name":"marcarPedidosComoLeidos","decl":{"start":{"line":142,"column":16},"end":{"line":142,"column":40}},"loc":{"start":{"line":142,"column":53},"end":{"line":166,"column":null}},"line":142},"10":{"name":"(anonymous_10)","decl":{"start":{"line":146,"column":16},"end":{"line":146,"column":null}},"loc":{"start":{"line":146,"column":16},"end":{"line":151,"column":null}},"line":146},"11":{"name":"(anonymous_11)","decl":{"start":{"line":147,"column":40},"end":{"line":147,"column":45}},"loc":{"start":{"line":147,"column":45},"end":{"line":147,"column":null}},"line":147},"12":{"name":"actualizarEstadoPedido","decl":{"start":{"line":168,"column":16},"end":{"line":168,"column":null}},"loc":{"start":{"line":170,"column":32},"end":{"line":197,"column":null}},"line":170},"13":{"name":"(anonymous_13)","decl":{"start":{"line":174,"column":42},"end":{"line":174,"column":47}},"loc":{"start":{"line":174,"column":47},"end":{"line":174,"column":null}},"line":174}},"branchMap":{"0":{"loc":{"start":{"line":44,"column":2},"end":{"line":46,"column":null}},"type":"if","locations":[{"start":{"line":44,"column":2},"end":{"line":46,"column":null}},{"start":{},"end":{}}],"line":44},"1":{"loc":{"start":{"line":101,"column":15},"end":{"line":101,"column":null}},"type":"binary-expr","locations":[{"start":{"line":101,"column":15},"end":{"line":101,"column":26}},{"start":{"line":101,"column":26},"end":{"line":101,"column":null}}],"line":101},"2":{"loc":{"start":{"line":129,"column":9},"end":{"line":129,"column":null}},"type":"binary-expr","locations":[{"start":{"line":129,"column":9},"end":{"line":129,"column":49}},{"start":{"line":129,"column":49},"end":{"line":129,"column":null}}],"line":129},"3":{"loc":{"start":{"line":148,"column":6},"end":{"line":150,"column":null}},"type":"if","locations":[{"start":{"line":148,"column":6},"end":{"line":150,"column":null}},{"start":{},"end":{}}],"line":148},"4":{"loc":{"start":{"line":176,"column":4},"end":{"line":181,"column":null}},"type":"if","locations":[{"start":{"line":176,"column":4},"end":{"line":181,"column":null}},{"start":{},"end":{}}],"line":176}},"s":{"0":1,"1":13,"2":13,"3":7,"4":6,"5":6,"6":0,"7":0,"8":9,"9":8,"10":8,"11":8,"12":8,"13":8,"14":8,"15":8,"16":8,"17":8,"18":0,"19":0,"20":2,"21":2,"22":2,"23":1,"24":1,"25":0,"26":1,"27":1,"28":0,"29":0,"30":0,"31":0,"32":0,"33":0,"34":0,"35":0,"36":0,"37":0,"38":0,"39":1,"40":1,"41":1,"42":1,"43":1,"44":0,"45":1,"46":1,"47":1,"48":0,"49":0},"f":{"0":13,"1":9,"2":8,"3":8,"4":2,"5":2,"6":1,"7":0,"8":1,"9":0,"10":0,"11":0,"12":1,"13":1},"b":{"0":[7,6],"1":[8,8],"2":[2,0],"3":[0,0],"4":[0,1]},"meta":{"lastBranch":5,"lastFunction":14,"lastStatement":50,"seen":{"s:40:20:40:Infinity":0,"f:42:9:42:Infinity":0,"s:43:15:43:Infinity":1,"b:44:2:46:Infinity:undefined:undefined:undefined:undefined":0,"s:44:2:46:Infinity":2,"s:45:4:45:Infinity":3,"s:47:2:52:Infinity":4,"s:48:4:48:Infinity":5,"s:50:4:50:Infinity":6,"s:51:4:51:Infinity":7,"f:55:9:55:29":1,"s:56:2:56:Infinity":8,"f:59:9:59:Infinity":2,"s:60:20:60:Infinity":9,"s:61:17:61:Infinity":10,"s:62:2:62:Infinity":11,"f:65:16:65:Infinity":3,"s:93:2:124:Infinity":12,"s:94:18:94:Infinity":13,"s:96:33:108:Infinity":14,"b:101:15:101:26:101:26:101:Infinity":1,"s:110:4:110:Infinity":15,"s:111:4:111:Infinity":16,"s:113:4:117:Infinity":17,"s:119:4:119:Infinity":18,"s:120:4:123:Infinity":19,"f:127:16:127:30":4,"s:128:16:128:Infinity":20,"s:129:2:129:Infinity":21,"b:129:9:129:49:129:49:129:Infinity":2,"f:129:28:129:33":5,"s:129:33:129:49":22,"f:132:16:132:38":6,"s:133:16:133:Infinity":23,"s:134:2:134:Infinity":24,"f:134:30:134:35":7,"s:134:35:134:Infinity":25,"f:137:16:137:Infinity":8,"s:138:16:138:Infinity":26,"s:139:2:139:Infinity":27,"f:142:16:142:40":9,"s:143:2:165:Infinity":28,"s:144:18:144:Infinity":29,"s:146:4:151:Infinity":30,"f:146:16:146:Infinity":10,"s:147:21:147:Infinity":31,"f:147:40:147:45":11,"s:147:45:147:Infinity":32,"b:148:6:150:Infinity:undefined:undefined:undefined:undefined":3,"s:148:6:150:Infinity":33,"s:149:8:149:Infinity":34,"s:153:4:153:Infinity":35,"s:155:4:158:Infinity":36,"s:160:4:160:Infinity":37,"s:161:4:164:Infinity":38,"f:168:16:168:Infinity":12,"s:172:2:196:Infinity":39,"s:173:18:173:Infinity":40,"s:174:18:174:Infinity":41,"f:174:42:174:47":13,"s:174:47:174:Infinity":42,"b:176:4:181:Infinity:undefined:undefined:undefined:undefined":4,"s:176:4:181:Infinity":43,"s:177:6:180:Infinity":44,"s:183:4:183:Infinity":45,"s:184:4:184:Infinity":46,"s:186:4:189:Infinity":47,"s:191:4:191:Infinity":48,"s:192:4:195:Infinity":49}}}
,"C:\\Users\\maurisio\\Desktop\\reactito\\src\\services\\productos.service.ts": {"path":"C:\\Users\\maurisio\\Desktop\\reactito\\src\\services\\productos.service.ts","statementMap":{"0":{"start":{"line":5,"column":30},"end":{"line":5,"column":null}},"1":{"start":{"line":8,"column":2},"end":{"line":10,"column":null}},"2":{"start":{"line":9,"column":4},"end":{"line":9,"column":null}},"3":{"start":{"line":11,"column":2},"end":{"line":15,"column":null}},"4":{"start":{"line":12,"column":18},"end":{"line":12,"column":null}},"5":{"start":{"line":13,"column":4},"end":{"line":13,"column":null}},"6":{"start":{"line":13,"column":47},"end":{"line":13,"column":null}},"7":{"start":{"line":14,"column":4},"end":{"line":14,"column":null}},"8":{"start":{"line":14,"column":49},"end":{"line":14,"column":null}},"9":{"start":{"line":16,"column":2},"end":{"line":16,"column":null}},"10":{"start":{"line":20,"column":2},"end":{"line":22,"column":null}},"11":{"start":{"line":21,"column":4},"end":{"line":21,"column":null}},"12":{"start":{"line":23,"column":2},"end":{"line":32,"column":null}},"13":{"start":{"line":24,"column":19},"end":{"line":27,"column":null}},"14":{"start":{"line":28,"column":19},"end":{"line":28,"column":null}},"15":{"start":{"line":29,"column":4},"end":{"line":31,"column":null}},"16":{"start":{"line":30,"column":6},"end":{"line":30,"column":null}},"17":{"start":{"line":33,"column":2},"end":{"line":33,"column":null}},"18":{"start":{"line":37,"column":2},"end":{"line":39,"column":null}},"19":{"start":{"line":38,"column":4},"end":{"line":38,"column":null}},"20":{"start":{"line":40,"column":2},"end":{"line":45,"column":null}},"21":{"start":{"line":41,"column":19},"end":{"line":41,"column":null}},"22":{"start":{"line":42,"column":4},"end":{"line":44,"column":null}},"23":{"start":{"line":43,"column":6},"end":{"line":43,"column":null}},"24":{"start":{"line":46,"column":2},"end":{"line":46,"column":null}},"25":{"start":{"line":50,"column":28},"end":{"line":50,"column":null}},"26":{"start":{"line":53,"column":20},"end":{"line":53,"column":null}},"27":{"start":{"line":55,"column":2},"end":{"line":67,"column":null}},"28":{"start":{"line":57,"column":4},"end":{"line":66,"column":null}},"29":{"start":{"line":62,"column":6},"end":{"line":62,"column":null}},"30":{"start":{"line":65,"column":6},"end":{"line":65,"column":null}},"31":{"start":{"line":69,"column":2},"end":{"line":82,"column":null}},"32":{"start":{"line":86,"column":2},"end":{"line":96,"column":null}},"33":{"start":{"line":87,"column":48},"end":{"line":87,"column":null}},"34":{"start":{"line":100,"column":24},"end":{"line":105,"column":null}},"35":{"start":{"line":101,"column":57},"end":{"line":101,"column":61}},"36":{"start":{"line":106,"column":2},"end":{"line":106,"column":null}},"37":{"start":{"line":114,"column":2},"end":{"line":122,"column":null}},"38":{"start":{"line":115,"column":29},"end":{"line":115,"column":null}},"39":{"start":{"line":116,"column":4},"end":{"line":119,"column":null}},"40":{"start":{"line":117,"column":36},"end":{"line":117,"column":null}},"41":{"start":{"line":118,"column":6},"end":{"line":118,"column":null}},"42":{"start":{"line":121,"column":4},"end":{"line":121,"column":null}},"43":{"start":{"line":124,"column":25},"end":{"line":124,"column":null}},"44":{"start":{"line":125,"column":2},"end":{"line":125,"column":null}},"45":{"start":{"line":126,"column":2},"end":{"line":126,"column":null}},"46":{"start":{"line":130,"column":2},"end":{"line":135,"column":null}},"47":{"start":{"line":131,"column":30},"end":{"line":131,"column":null}},"48":{"start":{"line":132,"column":4},"end":{"line":132,"column":null}},"49":{"start":{"line":134,"column":4},"end":{"line":134,"column":null}},"50":{"start":{"line":141,"column":17},"end":{"line":141,"column":null}},"51":{"start":{"line":142,"column":22},"end":{"line":142,"column":null}},"52":{"start":{"line":143,"column":2},"end":{"line":143,"column":null}},"53":{"start":{"line":144,"column":2},"end":{"line":144,"column":null}},"54":{"start":{"line":148,"column":16},"end":{"line":148,"column":null}},"55":{"start":{"line":149,"column":2},"end":{"line":149,"column":null}},"56":{"start":{"line":149,"column":37},"end":{"line":149,"column":null}},"57":{"start":{"line":153,"column":16},"end":{"line":153,"column":null}},"58":{"start":{"line":154,"column":2},"end":{"line":154,"column":null}},"59":{"start":{"line":154,"column":39},"end":{"line":154,"column":96}},"60":{"start":{"line":158,"column":16},"end":{"line":158,"column":null}},"61":{"start":{"line":159,"column":23},"end":{"line":159,"column":null}},"62":{"start":{"line":160,"column":2},"end":{"line":165,"column":null}},"63":{"start":{"line":162,"column":6},"end":{"line":165,"column":null}},"64":{"start":{"line":172,"column":43},"end":{"line":177,"column":null}},"65":{"start":{"line":179,"column":18},"end":{"line":179,"column":null}},"66":{"start":{"line":182,"column":29},"end":{"line":182,"column":null}},"67":{"start":{"line":182,"column":57},"end":{"line":182,"column":null}},"68":{"start":{"line":183,"column":28},"end":{"line":183,"column":null}},"69":{"start":{"line":185,"column":2},"end":{"line":185,"column":null}},"70":{"start":{"line":189,"column":28},"end":{"line":202,"column":null}},"71":{"start":{"line":190,"column":20},"end":{"line":190,"column":49}},"72":{"start":{"line":191,"column":24},"end":{"line":191,"column":null}},"73":{"start":{"line":192,"column":26},"end":{"line":197,"column":null}},"74":{"start":{"line":198,"column":4},"end":{"line":198,"column":null}},"75":{"start":{"line":199,"column":4},"end":{"line":199,"column":null}},"76":{"start":{"line":200,"column":4},"end":{"line":200,"column":null}},"77":{"start":{"line":201,"column":4},"end":{"line":201,"column":null}},"78":{"start":{"line":203,"column":2},"end":{"line":203,"column":null}},"79":{"start":{"line":208,"column":2},"end":{"line":221,"column":null}},"80":{"start":{"line":209,"column":19},"end":{"line":209,"column":null}},"81":{"start":{"line":209,"column":52},"end":{"line":209,"column":null}},"82":{"start":{"line":210,"column":4},"end":{"line":219,"column":null}},"83":{"start":{"line":211,"column":6},"end":{"line":216,"column":null}},"84":{"start":{"line":217,"column":6},"end":{"line":217,"column":null}},"85":{"start":{"line":218,"column":6},"end":{"line":218,"column":null}},"86":{"start":{"line":220,"column":4},"end":{"line":220,"column":null}},"87":{"start":{"line":222,"column":2},"end":{"line":222,"column":null}},"88":{"start":{"line":226,"column":18},"end":{"line":226,"column":null}},"89":{"start":{"line":227,"column":2},"end":{"line":235,"column":null}},"90":{"start":{"line":228,"column":19},"end":{"line":228,"column":null}},"91":{"start":{"line":228,"column":52},"end":{"line":228,"column":null}},"92":{"start":{"line":229,"column":4},"end":{"line":233,"column":null}},"93":{"start":{"line":230,"column":6},"end":{"line":230,"column":null}},"94":{"start":{"line":231,"column":6},"end":{"line":231,"column":null}},"95":{"start":{"line":232,"column":6},"end":{"line":232,"column":null}},"96":{"start":{"line":234,"column":4},"end":{"line":234,"column":null}},"97":{"start":{"line":236,"column":2},"end":{"line":236,"column":null}},"98":{"start":{"line":240,"column":2},"end":{"line":240,"column":null}},"99":{"start":{"line":245,"column":16},"end":{"line":245,"column":null}},"100":{"start":{"line":248,"column":43},"end":{"line":253,"column":null}},"101":{"start":{"line":256,"column":45},"end":{"line":261,"column":null}},"102":{"start":{"line":264,"column":2},"end":{"line":269,"column":null}},"103":{"start":{"line":265,"column":20},"end":{"line":265,"column":null}},"104":{"start":{"line":266,"column":19},"end":{"line":266,"column":null}},"105":{"start":{"line":267,"column":4},"end":{"line":267,"column":null}},"106":{"start":{"line":268,"column":4},"end":{"line":268,"column":null}},"107":{"start":{"line":272,"column":2},"end":{"line":272,"column":null}}},"fnMap":{"0":{"name":"normalizarEstado","decl":{"start":{"line":7,"column":9},"end":{"line":7,"column":26}},"loc":{"start":{"line":7,"column":40},"end":{"line":17,"column":null}},"line":7},"1":{"name":"limpiarPrecio","decl":{"start":{"line":19,"column":9},"end":{"line":19,"column":23}},"loc":{"start":{"line":19,"column":37},"end":{"line":34,"column":null}},"line":19},"2":{"name":"limpiarStock","decl":{"start":{"line":36,"column":9},"end":{"line":36,"column":22}},"loc":{"start":{"line":36,"column":36},"end":{"line":47,"column":null}},"line":36},"3":{"name":"normalizarProducto","decl":{"start":{"line":49,"column":9},"end":{"line":49,"column":28}},"loc":{"start":{"line":49,"column":56},"end":{"line":83,"column":null}},"line":49},"4":{"name":"normalizarDatos","decl":{"start":{"line":85,"column":9},"end":{"line":85,"column":25}},"loc":{"start":{"line":85,"column":45},"end":{"line":97,"column":null}},"line":85},"5":{"name":"(anonymous_5)","decl":{"start":{"line":87,"column":34},"end":{"line":87,"column":35}},"loc":{"start":{"line":87,"column":48},"end":{"line":87,"column":null}},"line":87},"6":{"name":"crearDatosIniciales","decl":{"start":{"line":99,"column":9},"end":{"line":99,"column":null}},"loc":{"start":{"line":99,"column":9},"end":{"line":107,"column":null}},"line":99},"7":{"name":"(anonymous_7)","decl":{"start":{"line":101,"column":50},"end":{"line":101,"column":51}},"loc":{"start":{"line":101,"column":57},"end":{"line":101,"column":61}},"line":101},"8":{"name":"obtenerDatosProductos","decl":{"start":{"line":113,"column":16},"end":{"line":113,"column":null}},"loc":{"start":{"line":113,"column":16},"end":{"line":127,"column":null}},"line":113},"9":{"name":"guardarDatosProductos","decl":{"start":{"line":129,"column":16},"end":{"line":129,"column":38}},"loc":{"start":{"line":129,"column":59},"end":{"line":136,"column":null}},"line":129},"10":{"name":"actualizarDatosProductos","decl":{"start":{"line":138,"column":16},"end":{"line":138,"column":null}},"loc":{"start":{"line":139,"column":56},"end":{"line":145,"column":null}},"line":139},"11":{"name":"obtenerProductoPorId","decl":{"start":{"line":147,"column":16},"end":{"line":147,"column":37}},"loc":{"start":{"line":147,"column":47},"end":{"line":150,"column":null}},"line":147},"12":{"name":"(anonymous_12)","decl":{"start":{"line":149,"column":30},"end":{"line":149,"column":31}},"loc":{"start":{"line":149,"column":37},"end":{"line":149,"column":null}},"line":149},"13":{"name":"obtenerProductosPorCategoria","decl":{"start":{"line":152,"column":16},"end":{"line":152,"column":45}},"loc":{"start":{"line":152,"column":82},"end":{"line":155,"column":null}},"line":152},"14":{"name":"(anonymous_14)","decl":{"start":{"line":154,"column":32},"end":{"line":154,"column":33}},"loc":{"start":{"line":154,"column":39},"end":{"line":154,"column":96}},"line":154},"15":{"name":"buscarProductos","decl":{"start":{"line":157,"column":16},"end":{"line":157,"column":32}},"loc":{"start":{"line":157,"column":47},"end":{"line":167,"column":null}},"line":157},"16":{"name":"(anonymous_16)","decl":{"start":{"line":161,"column":4},"end":{"line":161,"column":5}},"loc":{"start":{"line":162,"column":6},"end":{"line":165,"column":null}},"line":162},"17":{"name":"generarCodigoProducto","decl":{"start":{"line":170,"column":9},"end":{"line":170,"column":31}},"loc":{"start":{"line":170,"column":91},"end":{"line":186,"column":null}},"line":170},"18":{"name":"(anonymous_18)","decl":{"start":{"line":182,"column":52},"end":{"line":182,"column":57}},"loc":{"start":{"line":182,"column":57},"end":{"line":182,"column":null}},"line":182},"19":{"name":"agregarProducto","decl":{"start":{"line":188,"column":16},"end":{"line":188,"column":32}},"loc":{"start":{"line":188,"column":74},"end":{"line":204,"column":null}},"line":188},"20":{"name":"(anonymous_20)","decl":{"start":{"line":189,"column":53},"end":{"line":189,"column":54}},"loc":{"start":{"line":189,"column":54},"end":{"line":202,"column":null}},"line":189},"21":{"name":"actualizarProducto","decl":{"start":{"line":206,"column":16},"end":{"line":206,"column":35}},"loc":{"start":{"line":206,"column":74},"end":{"line":223,"column":null}},"line":206},"22":{"name":"(anonymous_22)","decl":{"start":{"line":208,"column":27},"end":{"line":208,"column":28}},"loc":{"start":{"line":208,"column":28},"end":{"line":221,"column":null}},"line":208},"23":{"name":"(anonymous_23)","decl":{"start":{"line":209,"column":45},"end":{"line":209,"column":46}},"loc":{"start":{"line":209,"column":52},"end":{"line":209,"column":null}},"line":209},"24":{"name":"eliminarProducto","decl":{"start":{"line":225,"column":16},"end":{"line":225,"column":33}},"loc":{"start":{"line":225,"column":43},"end":{"line":237,"column":null}},"line":225},"25":{"name":"(anonymous_25)","decl":{"start":{"line":227,"column":27},"end":{"line":227,"column":28}},"loc":{"start":{"line":227,"column":28},"end":{"line":235,"column":null}},"line":227},"26":{"name":"(anonymous_26)","decl":{"start":{"line":228,"column":45},"end":{"line":228,"column":46}},"loc":{"start":{"line":228,"column":52},"end":{"line":228,"column":null}},"line":228},"27":{"name":"resetearProductos","decl":{"start":{"line":239,"column":16},"end":{"line":239,"column":null}},"loc":{"start":{"line":239,"column":16},"end":{"line":241,"column":null}},"line":239},"28":{"name":"migrarCodigosProductos","decl":{"start":{"line":244,"column":16},"end":{"line":244,"column":null}},"loc":{"start":{"line":244,"column":16},"end":{"line":273,"column":null}},"line":244},"29":{"name":"(anonymous_29)","decl":{"start":{"line":264,"column":26},"end":{"line":264,"column":27}},"loc":{"start":{"line":264,"column":27},"end":{"line":269,"column":null}},"line":264}},"branchMap":{"0":{"loc":{"start":{"line":8,"column":2},"end":{"line":10,"column":null}},"type":"if","locations":[{"start":{"line":8,"column":2},"end":{"line":10,"column":null}},{"start":{},"end":{}}],"line":8},"1":{"loc":{"start":{"line":8,"column":6},"end":{"line":8,"column":58}},"type":"binary-expr","locations":[{"start":{"line":8,"column":6},"end":{"line":8,"column":29}},{"start":{"line":8,"column":33},"end":{"line":8,"column":58}}],"line":8},"2":{"loc":{"start":{"line":11,"column":2},"end":{"line":15,"column":null}},"type":"if","locations":[{"start":{"line":11,"column":2},"end":{"line":15,"column":null}},{"start":{},"end":{}}],"line":11},"3":{"loc":{"start":{"line":13,"column":4},"end":{"line":13,"column":null}},"type":"if","locations":[{"start":{"line":13,"column":4},"end":{"line":13,"column":null}},{"start":{},"end":{}}],"line":13},"4":{"loc":{"start":{"line":14,"column":4},"end":{"line":14,"column":null}},"type":"if","locations":[{"start":{"line":14,"column":4},"end":{"line":14,"column":null}},{"start":{},"end":{}}],"line":14},"5":{"loc":{"start":{"line":20,"column":2},"end":{"line":22,"column":null}},"type":"if","locations":[{"start":{"line":20,"column":2},"end":{"line":22,"column":null}},{"start":{},"end":{}}],"line":20},"6":{"loc":{"start":{"line":20,"column":6},"end":{"line":20,"column":57}},"type":"binary-expr","locations":[{"start":{"line":20,"column":6},"end":{"line":20,"column":35}},{"start":{"line":20,"column":35},"end":{"line":20,"column":57}}],"line":20},"7":{"loc":{"start":{"line":23,"column":2},"end":{"line":32,"column":null}},"type":"if","locations":[{"start":{"line":23,"column":2},"end":{"line":32,"column":null}},{"start":{},"end":{}}],"line":23},"8":{"loc":{"start":{"line":29,"column":4},"end":{"line":31,"column":null}},"type":"if","locations":[{"start":{"line":29,"column":4},"end":{"line":31,"column":null}},{"start":{},"end":{}}],"line":29},"9":{"loc":{"start":{"line":37,"column":2},"end":{"line":39,"column":null}},"type":"if","locations":[{"start":{"line":37,"column":2},"end":{"line":39,"column":null}},{"start":{},"end":{}}],"line":37},"10":{"loc":{"start":{"line":37,"column":6},"end":{"line":37,"column":59}},"type":"binary-expr","locations":[{"start":{"line":37,"column":6},"end":{"line":37,"column":35}},{"start":{"line":37,"column":35},"end":{"line":37,"column":59}}],"line":37},"11":{"loc":{"start":{"line":40,"column":2},"end":{"line":45,"column":null}},"type":"if","locations":[{"start":{"line":40,"column":2},"end":{"line":45,"column":null}},{"start":{},"end":{}}],"line":40},"12":{"loc":{"start":{"line":42,"column":4},"end":{"line":44,"column":null}},"type":"if","locations":[{"start":{"line":42,"column":4},"end":{"line":44,"column":null}},{"start":{},"end":{}}],"line":42},"13":{"loc":{"start":{"line":55,"column":2},"end":{"line":67,"column":null}},"type":"if","locations":[{"start":{"line":55,"column":2},"end":{"line":67,"column":null}},{"start":{},"end":{}}],"line":55},"14":{"loc":{"start":{"line":55,"column":6},"end":{"line":55,"column":56}},"type":"binary-expr","locations":[{"start":{"line":55,"column":6},"end":{"line":55,"column":21}},{"start":{"line":55,"column":25},"end":{"line":55,"column":56}}],"line":55},"15":{"loc":{"start":{"line":57,"column":4},"end":{"line":66,"column":null}},"type":"if","locations":[{"start":{"line":57,"column":4},"end":{"line":66,"column":null}},{"start":{"line":63,"column":11},"end":{"line":66,"column":null}}],"line":57},"16":{"loc":{"start":{"line":57,"column":8},"end":{"line":61,"column":41}},"type":"binary-expr","locations":[{"start":{"line":57,"column":8},"end":{"line":57,"column":null}},{"start":{"line":58,"column":8},"end":{"line":58,"column":null}},{"start":{"line":59,"column":8},"end":{"line":59,"column":null}},{"start":{"line":60,"column":8},"end":{"line":60,"column":null}},{"start":{"line":61,"column":8},"end":{"line":61,"column":41}}],"line":57},"17":{"loc":{"start":{"line":70,"column":8},"end":{"line":70,"column":null}},"type":"binary-expr","locations":[{"start":{"line":70,"column":8},"end":{"line":70,"column":19}},{"start":{"line":70,"column":23},"end":{"line":70,"column":null}}],"line":70},"18":{"loc":{"start":{"line":71,"column":12},"end":{"line":71,"column":48}},"type":"binary-expr","locations":[{"start":{"line":71,"column":12},"end":{"line":71,"column":27}},{"start":{"line":71,"column":31},"end":{"line":71,"column":48}}],"line":71},"19":{"loc":{"start":{"line":72,"column":12},"end":{"line":72,"column":null}},"type":"binary-expr","locations":[{"start":{"line":72,"column":12},"end":{"line":72,"column":27}},{"start":{"line":72,"column":31},"end":{"line":72,"column":null}}],"line":72},"20":{"loc":{"start":{"line":73,"column":17},"end":{"line":73,"column":null}},"type":"binary-expr","locations":[{"start":{"line":73,"column":17},"end":{"line":73,"column":37}},{"start":{"line":73,"column":41},"end":{"line":73,"column":null}}],"line":73},"21":{"loc":{"start":{"line":77,"column":15},"end":{"line":77,"column":61}},"type":"binary-expr","locations":[{"start":{"line":77,"column":15},"end":{"line":77,"column":33}},{"start":{"line":77,"column":37},"end":{"line":77,"column":61}}],"line":77},"22":{"loc":{"start":{"line":79,"column":10},"end":{"line":79,"column":null}},"type":"binary-expr","locations":[{"start":{"line":79,"column":10},"end":{"line":79,"column":23}},{"start":{"line":79,"column":27},"end":{"line":79,"column":null}}],"line":79},"23":{"loc":{"start":{"line":91,"column":8},"end":{"line":93,"column":null}},"type":"cond-expr","locations":[{"start":{"line":92,"column":12},"end":{"line":92,"column":41}},{"start":{"line":93,"column":12},"end":{"line":93,"column":null}}],"line":91},"24":{"loc":{"start":{"line":94,"column":27},"end":{"line":94,"column":null}},"type":"binary-expr","locations":[{"start":{"line":94,"column":27},"end":{"line":94,"column":65}},{"start":{"line":94,"column":69},"end":{"line":94,"column":null}}],"line":94},"25":{"loc":{"start":{"line":116,"column":4},"end":{"line":119,"column":null}},"type":"if","locations":[{"start":{"line":116,"column":4},"end":{"line":119,"column":null}},{"start":{},"end":{}}],"line":116},"26":{"loc":{"start":{"line":154,"column":39},"end":{"line":154,"column":96}},"type":"binary-expr","locations":[{"start":{"line":154,"column":39},"end":{"line":154,"column":68}},{"start":{"line":154,"column":68},"end":{"line":154,"column":96}}],"line":154},"27":{"loc":{"start":{"line":162,"column":6},"end":{"line":165,"column":null}},"type":"binary-expr","locations":[{"start":{"line":162,"column":6},"end":{"line":162,"column":34}},{"start":{"line":163,"column":7},"end":{"line":163,"column":null}},{"start":{"line":164,"column":8},"end":{"line":164,"column":null}},{"start":{"line":165,"column":8},"end":{"line":165,"column":52}}],"line":162},"28":{"loc":{"start":{"line":179,"column":18},"end":{"line":179,"column":null}},"type":"binary-expr","locations":[{"start":{"line":179,"column":18},"end":{"line":179,"column":37}},{"start":{"line":179,"column":41},"end":{"line":179,"column":null}}],"line":179},"29":{"loc":{"start":{"line":210,"column":4},"end":{"line":219,"column":null}},"type":"if","locations":[{"start":{"line":210,"column":4},"end":{"line":219,"column":null}},{"start":{},"end":{}}],"line":210},"30":{"loc":{"start":{"line":229,"column":4},"end":{"line":233,"column":null}},"type":"if","locations":[{"start":{"line":229,"column":4},"end":{"line":233,"column":null}},{"start":{},"end":{}}],"line":229},"31":{"loc":{"start":{"line":265,"column":20},"end":{"line":265,"column":null}},"type":"binary-expr","locations":[{"start":{"line":265,"column":20},"end":{"line":265,"column":48}},{"start":{"line":265,"column":52},"end":{"line":265,"column":null}}],"line":265},"32":{"loc":{"start":{"line":266,"column":19},"end":{"line":266,"column":null}},"type":"binary-expr","locations":[{"start":{"line":266,"column":19},"end":{"line":266,"column":49}},{"start":{"line":266,"column":53},"end":{"line":266,"column":null}}],"line":266}},"s":{"0":2,"1":443,"2":443,"3":0,"4":0,"5":0,"6":0,"7":0,"8":0,"9":0,"10":443,"11":443,"12":0,"13":0,"14":0,"15":0,"16":0,"17":0,"18":443,"19":443,"20":0,"21":0,"22":0,"23":0,"24":0,"25":443,"26":443,"27":443,"28":443,"29":431,"30":12,"31":443,"32":43,"33":435,"34":11,"35":110,"36":11,"37":33,"38":33,"39":33,"40":22,"41":22,"42":0,"43":11,"44":11,"45":11,"46":21,"47":21,"48":21,"49":0,"50":9,"51":9,"52":9,"53":9,"54":8,"55":8,"56":16,"57":0,"58":0,"59":0,"60":0,"61":0,"62":0,"63":0,"64":4,"65":4,"66":4,"67":41,"68":4,"69":4,"70":4,"71":4,"72":4,"73":4,"74":4,"75":4,"76":4,"77":4,"78":4,"79":4,"80":4,"81":4,"82":4,"83":4,"84":4,"85":4,"86":4,"87":4,"88":1,"89":1,"90":1,"91":1,"92":1,"93":1,"94":1,"95":1,"96":1,"97":1,"98":10,"99":1,"100":1,"101":1,"102":1,"103":10,"104":10,"105":10,"106":10,"107":1},"f":{"0":443,"1":443,"2":443,"3":443,"4":43,"5":435,"6":11,"7":110,"8":33,"9":21,"10":9,"11":8,"12":16,"13":0,"14":0,"15":0,"16":0,"17":4,"18":41,"19":4,"20":4,"21":4,"22":4,"23":4,"24":1,"25":1,"26":1,"27":10,"28":1,"29":10},"b":{"0":[443,0],"1":[443,4],"2":[0,0],"3":[0,0],"4":[0,0],"5":[443,0],"6":[443,443],"7":[0,0],"8":[0,0],"9":[443,0],"10":[443,443],"11":[0,0],"12":[0,0],"13":[443,0],"14":[443,443],"15":[431,12],"16":[443,443,443,443,443],"17":[443,0],"18":[443,0],"19":[443,0],"20":[443,0],"21":[443,0],"22":[443,1],"23":[43,0],"24":[43,0],"25":[22,11],"26":[0,0],"27":[0,0,0,0],"28":[4,4],"29":[4,0],"30":[1,0],"31":[10,0],"32":[10,0]},"meta":{"lastBranch":33,"lastFunction":30,"lastStatement":108,"seen":{"s:5:30:5:Infinity":0,"f:7:9:7:26":0,"b:8:2:10:Infinity:undefined:undefined:undefined:undefined":0,"s:8:2:10:Infinity":1,"b:8:6:8:29:8:33:8:58":1,"s:9:4:9:Infinity":2,"b:11:2:15:Infinity:undefined:undefined:undefined:undefined":2,"s:11:2:15:Infinity":3,"s:12:18:12:Infinity":4,"b:13:4:13:Infinity:undefined:undefined:undefined:undefined":3,"s:13:4:13:Infinity":5,"s:13:47:13:Infinity":6,"b:14:4:14:Infinity:undefined:undefined:undefined:undefined":4,"s:14:4:14:Infinity":7,"s:14:49:14:Infinity":8,"s:16:2:16:Infinity":9,"f:19:9:19:23":1,"b:20:2:22:Infinity:undefined:undefined:undefined:undefined":5,"s:20:2:22:Infinity":10,"b:20:6:20:35:20:35:20:57":6,"s:21:4:21:Infinity":11,"b:23:2:32:Infinity:undefined:undefined:undefined:undefined":7,"s:23:2:32:Infinity":12,"s:24:19:27:Infinity":13,"s:28:19:28:Infinity":14,"b:29:4:31:Infinity:undefined:undefined:undefined:undefined":8,"s:29:4:31:Infinity":15,"s:30:6:30:Infinity":16,"s:33:2:33:Infinity":17,"f:36:9:36:22":2,"b:37:2:39:Infinity:undefined:undefined:undefined:undefined":9,"s:37:2:39:Infinity":18,"b:37:6:37:35:37:35:37:59":10,"s:38:4:38:Infinity":19,"b:40:2:45:Infinity:undefined:undefined:undefined:undefined":11,"s:40:2:45:Infinity":20,"s:41:19:41:Infinity":21,"b:42:4:44:Infinity:undefined:undefined:undefined:undefined":12,"s:42:4:44:Infinity":22,"s:43:6:43:Infinity":23,"s:46:2:46:Infinity":24,"f:49:9:49:28":3,"s:50:28:50:Infinity":25,"s:53:20:53:Infinity":26,"b:55:2:67:Infinity:undefined:undefined:undefined:undefined":13,"s:55:2:67:Infinity":27,"b:55:6:55:21:55:25:55:56":14,"b:57:4:66:Infinity:63:11:66:Infinity":15,"s:57:4:66:Infinity":28,"b:57:8:57:Infinity:58:8:58:Infinity:59:8:59:Infinity:60:8:60:Infinity:61:8:61:41":16,"s:62:6:62:Infinity":29,"s:65:6:65:Infinity":30,"s:69:2:82:Infinity":31,"b:70:8:70:19:70:23:70:Infinity":17,"b:71:12:71:27:71:31:71:48":18,"b:72:12:72:27:72:31:72:Infinity":19,"b:73:17:73:37:73:41:73:Infinity":20,"b:77:15:77:33:77:37:77:61":21,"b:79:10:79:23:79:27:79:Infinity":22,"f:85:9:85:25":4,"s:86:2:96:Infinity":32,"f:87:34:87:35":5,"s:87:48:87:Infinity":33,"b:92:12:92:41:93:12:93:Infinity":23,"b:94:27:94:65:94:69:94:Infinity":24,"f:99:9:99:Infinity":6,"s:100:24:105:Infinity":34,"f:101:50:101:51":7,"s:101:57:101:61":35,"s:106:2:106:Infinity":36,"f:113:16:113:Infinity":8,"s:114:2:122:Infinity":37,"s:115:29:115:Infinity":38,"b:116:4:119:Infinity:undefined:undefined:undefined:undefined":25,"s:116:4:119:Infinity":39,"s:117:36:117:Infinity":40,"s:118:6:118:Infinity":41,"s:121:4:121:Infinity":42,"s:124:25:124:Infinity":43,"s:125:2:125:Infinity":44,"s:126:2:126:Infinity":45,"f:129:16:129:38":9,"s:130:2:135:Infinity":46,"s:131:30:131:Infinity":47,"s:132:4:132:Infinity":48,"s:134:4:134:Infinity":49,"f:138:16:138:Infinity":10,"s:141:17:141:Infinity":50,"s:142:22:142:Infinity":51,"s:143:2:143:Infinity":52,"s:144:2:144:Infinity":53,"f:147:16:147:37":11,"s:148:16:148:Infinity":54,"s:149:2:149:Infinity":55,"f:149:30:149:31":12,"s:149:37:149:Infinity":56,"f:152:16:152:45":13,"s:153:16:153:Infinity":57,"s:154:2:154:Infinity":58,"f:154:32:154:33":14,"s:154:39:154:96":59,"b:154:39:154:68:154:68:154:96":26,"f:157:16:157:32":15,"s:158:16:158:Infinity":60,"s:159:23:159:Infinity":61,"s:160:2:165:Infinity":62,"f:161:4:161:5":16,"s:162:6:165:Infinity":63,"b:162:6:162:34:163:7:163:Infinity:164:8:164:Infinity:165:8:165:52":27,"f:170:9:170:31":17,"s:172:43:177:Infinity":64,"s:179:18:179:Infinity":65,"b:179:18:179:37:179:41:179:Infinity":28,"s:182:29:182:Infinity":66,"f:182:52:182:57":18,"s:182:57:182:Infinity":67,"s:183:28:183:Infinity":68,"s:185:2:185:Infinity":69,"f:188:16:188:32":19,"s:189:28:202:Infinity":70,"f:189:53:189:54":20,"s:190:20:190:49":71,"s:191:24:191:Infinity":72,"s:192:26:197:Infinity":73,"s:198:4:198:Infinity":74,"s:199:4:199:Infinity":75,"s:200:4:200:Infinity":76,"s:201:4:201:Infinity":77,"s:203:2:203:Infinity":78,"f:206:16:206:35":21,"s:208:2:221:Infinity":79,"f:208:27:208:28":22,"s:209:19:209:Infinity":80,"f:209:45:209:46":23,"s:209:52:209:Infinity":81,"b:210:4:219:Infinity:undefined:undefined:undefined:undefined":29,"s:210:4:219:Infinity":82,"s:211:6:216:Infinity":83,"s:217:6:217:Infinity":84,"s:218:6:218:Infinity":85,"s:220:4:220:Infinity":86,"s:222:2:222:Infinity":87,"f:225:16:225:33":24,"s:226:18:226:Infinity":88,"s:227:2:235:Infinity":89,"f:227:27:227:28":25,"s:228:19:228:Infinity":90,"f:228:45:228:46":26,"s:228:52:228:Infinity":91,"b:229:4:233:Infinity:undefined:undefined:undefined:undefined":30,"s:229:4:233:Infinity":92,"s:230:6:230:Infinity":93,"s:231:6:231:Infinity":94,"s:232:6:232:Infinity":95,"s:234:4:234:Infinity":96,"s:236:2:236:Infinity":97,"f:239:16:239:Infinity":27,"s:240:2:240:Infinity":98,"f:244:16:244:Infinity":28,"s:245:16:245:Infinity":99,"s:248:43:253:Infinity":100,"s:256:45:261:Infinity":101,"s:264:2:269:Infinity":102,"f:264:26:264:27":29,"s:265:20:265:Infinity":103,"b:265:20:265:48:265:52:265:Infinity":31,"s:266:19:266:Infinity":104,"b:266:19:266:49:266:53:266:Infinity":32,"s:267:4:267:Infinity":105,"s:268:4:268:Infinity":106,"s:272:2:272:Infinity":107}}}
,"C:\\Users\\maurisio\\Desktop\\reactito\\src\\services\\productosIniciales.ts": {"path":"C:\\Users\\maurisio\\Desktop\\reactito\\src\\services\\productosIniciales.ts","statementMap":{"0":{"start":{"line":4,"column":47},"end":{"line":135,"column":null}}},"fnMap":{},"branchMap":{},"s":{"0":2},"f":{},"b":{},"meta":{"lastBranch":0,"lastFunction":0,"lastStatement":1,"seen":{"s:4:47:135:Infinity":0}}}
,"C:\\Users\\maurisio\\Desktop\\reactito\\src\\services\\usuarios.service.ts": {"path":"C:\\Users\\maurisio\\Desktop\\reactito\\src\\services\\usuarios.service.ts","statementMap":{"0":{"start":{"line":5,"column":29},"end":{"line":5,"column":null}},"1":{"start":{"line":6,"column":28},"end":{"line":6,"column":null}},"2":{"start":{"line":13,"column":2},"end":{"line":16,"column":null}},"3":{"start":{"line":14,"column":47},"end":{"line":14,"column":null}},"4":{"start":{"line":20,"column":2},"end":{"line":20,"column":null}},"5":{"start":{"line":28,"column":2},"end":{"line":36,"column":null}},"6":{"start":{"line":29,"column":29},"end":{"line":29,"column":null}},"7":{"start":{"line":30,"column":4},"end":{"line":33,"column":null}},"8":{"start":{"line":31,"column":35},"end":{"line":31,"column":null}},"9":{"start":{"line":32,"column":6},"end":{"line":32,"column":null}},"10":{"start":{"line":35,"column":4},"end":{"line":35,"column":null}},"11":{"start":{"line":38,"column":25},"end":{"line":38,"column":null}},"12":{"start":{"line":39,"column":2},"end":{"line":39,"column":null}},"13":{"start":{"line":40,"column":2},"end":{"line":40,"column":null}},"14":{"start":{"line":44,"column":2},"end":{"line":48,"column":null}},"15":{"start":{"line":45,"column":4},"end":{"line":45,"column":null}},"16":{"start":{"line":47,"column":4},"end":{"line":47,"column":null}},"17":{"start":{"line":54,"column":17},"end":{"line":54,"column":null}},"18":{"start":{"line":55,"column":22},"end":{"line":55,"column":null}},"19":{"start":{"line":56,"column":2},"end":{"line":56,"column":null}},"20":{"start":{"line":57,"column":2},"end":{"line":57,"column":null}},"21":{"start":{"line":65,"column":16},"end":{"line":65,"column":null}},"22":{"start":{"line":66,"column":2},"end":{"line":66,"column":null}},"23":{"start":{"line":70,"column":16},"end":{"line":70,"column":null}},"24":{"start":{"line":71,"column":2},"end":{"line":71,"column":null}},"25":{"start":{"line":71,"column":36},"end":{"line":71,"column":null}},"26":{"start":{"line":75,"column":16},"end":{"line":75,"column":null}},"27":{"start":{"line":76,"column":2},"end":{"line":76,"column":null}},"28":{"start":{"line":76,"column":36},"end":{"line":76,"column":null}},"29":{"start":{"line":80,"column":16},"end":{"line":80,"column":null}},"30":{"start":{"line":81,"column":2},"end":{"line":81,"column":null}},"31":{"start":{"line":81,"column":36},"end":{"line":81,"column":null}},"32":{"start":{"line":86,"column":2},"end":{"line":88,"column":null}},"33":{"start":{"line":87,"column":4},"end":{"line":87,"column":null}},"34":{"start":{"line":91,"column":2},"end":{"line":93,"column":null}},"35":{"start":{"line":92,"column":4},"end":{"line":92,"column":null}},"36":{"start":{"line":95,"column":28},"end":{"line":109,"column":null}},"37":{"start":{"line":96,"column":20},"end":{"line":96,"column":49}},"38":{"start":{"line":97,"column":30},"end":{"line":104,"column":null}},"39":{"start":{"line":105,"column":4},"end":{"line":105,"column":null}},"40":{"start":{"line":106,"column":4},"end":{"line":106,"column":null}},"41":{"start":{"line":107,"column":4},"end":{"line":107,"column":null}},"42":{"start":{"line":108,"column":4},"end":{"line":108,"column":null}},"43":{"start":{"line":111,"column":2},"end":{"line":111,"column":null}},"44":{"start":{"line":116,"column":2},"end":{"line":129,"column":null}},"45":{"start":{"line":117,"column":19},"end":{"line":117,"column":null}},"46":{"start":{"line":117,"column":51},"end":{"line":117,"column":null}},"47":{"start":{"line":118,"column":4},"end":{"line":127,"column":null}},"48":{"start":{"line":119,"column":6},"end":{"line":124,"column":null}},"49":{"start":{"line":125,"column":6},"end":{"line":125,"column":null}},"50":{"start":{"line":126,"column":6},"end":{"line":126,"column":null}},"51":{"start":{"line":128,"column":4},"end":{"line":128,"column":null}},"52":{"start":{"line":130,"column":2},"end":{"line":130,"column":null}},"53":{"start":{"line":134,"column":18},"end":{"line":134,"column":null}},"54":{"start":{"line":135,"column":2},"end":{"line":143,"column":null}},"55":{"start":{"line":136,"column":19},"end":{"line":136,"column":null}},"56":{"start":{"line":136,"column":51},"end":{"line":136,"column":null}},"57":{"start":{"line":137,"column":4},"end":{"line":141,"column":null}},"58":{"start":{"line":138,"column":6},"end":{"line":138,"column":null}},"59":{"start":{"line":139,"column":6},"end":{"line":139,"column":null}},"60":{"start":{"line":140,"column":6},"end":{"line":140,"column":null}},"61":{"start":{"line":142,"column":4},"end":{"line":142,"column":null}},"62":{"start":{"line":144,"column":2},"end":{"line":144,"column":null}},"63":{"start":{"line":152,"column":16},"end":{"line":152,"column":null}},"64":{"start":{"line":153,"column":18},"end":{"line":157,"column":null}},"65":{"start":{"line":155,"column":6},"end":{"line":157,"column":34}},"66":{"start":{"line":160,"column":2},"end":{"line":162,"column":null}},"67":{"start":{"line":161,"column":4},"end":{"line":161,"column":null}},"68":{"start":{"line":165,"column":26},"end":{"line":165,"column":40}},"69":{"start":{"line":166,"column":2},"end":{"line":168,"column":null}},"70":{"start":{"line":167,"column":4},"end":{"line":167,"column":null}},"71":{"start":{"line":170,"column":32},"end":{"line":181,"column":null}},"72":{"start":{"line":183,"column":2},"end":{"line":183,"column":null}},"73":{"start":{"line":184,"column":2},"end":{"line":184,"column":null}},"74":{"start":{"line":188,"column":2},"end":{"line":188,"column":null}},"75":{"start":{"line":192,"column":2},"end":{"line":199,"column":null}},"76":{"start":{"line":193,"column":29},"end":{"line":193,"column":null}},"77":{"start":{"line":194,"column":4},"end":{"line":196,"column":null}},"78":{"start":{"line":195,"column":6},"end":{"line":195,"column":null}},"79":{"start":{"line":198,"column":4},"end":{"line":198,"column":null}},"80":{"start":{"line":200,"column":2},"end":{"line":200,"column":null}},"81":{"start":{"line":204,"column":2},"end":{"line":208,"column":null}},"82":{"start":{"line":205,"column":4},"end":{"line":205,"column":null}},"83":{"start":{"line":207,"column":4},"end":{"line":207,"column":null}},"84":{"start":{"line":212,"column":2},"end":{"line":212,"column":null}},"85":{"start":{"line":216,"column":17},"end":{"line":216,"column":null}},"86":{"start":{"line":217,"column":2},"end":{"line":217,"column":null}},"87":{"start":{"line":225,"column":2},"end":{"line":225,"column":null}},"88":{"start":{"line":226,"column":2},"end":{"line":226,"column":null}},"89":{"start":{"line":230,"column":18},"end":{"line":230,"column":null}},"90":{"start":{"line":231,"column":2},"end":{"line":233,"column":null}},"91":{"start":{"line":232,"column":4},"end":{"line":232,"column":null}},"92":{"start":{"line":235,"column":2},"end":{"line":235,"column":null}},"93":{"start":{"line":236,"column":2},"end":{"line":236,"column":null}},"94":{"start":{"line":240,"column":18},"end":{"line":240,"column":null}},"95":{"start":{"line":243,"column":2},"end":{"line":245,"column":null}},"96":{"start":{"line":244,"column":4},"end":{"line":244,"column":null}},"97":{"start":{"line":248,"column":20},"end":{"line":248,"column":null}},"98":{"start":{"line":251,"column":2},"end":{"line":253,"column":null}},"99":{"start":{"line":252,"column":4},"end":{"line":252,"column":null}},"100":{"start":{"line":255,"column":2},"end":{"line":255,"column":null}},"101":{"start":{"line":262,"column":35},"end":{"line":262,"column":null}},"102":{"start":{"line":272,"column":2},"end":{"line":272,"column":null}},"103":{"start":{"line":276,"column":18},"end":{"line":276,"column":null}},"104":{"start":{"line":278,"column":2},"end":{"line":280,"column":null}},"105":{"start":{"line":279,"column":4},"end":{"line":279,"column":null}},"106":{"start":{"line":282,"column":17},"end":{"line":282,"column":null}},"107":{"start":{"line":283,"column":21},"end":{"line":283,"column":null}},"108":{"start":{"line":284,"column":2},"end":{"line":284,"column":55}},"109":{"start":{"line":286,"column":49},"end":{"line":290,"column":null}},"110":{"start":{"line":292,"column":2},"end":{"line":318,"column":null}},"111":{"start":{"line":294,"column":30},"end":{"line":294,"column":null}},"112":{"start":{"line":295,"column":40},"end":{"line":295,"column":94}},"113":{"start":{"line":298,"column":4},"end":{"line":299,"column":null}},"114":{"start":{"line":299,"column":6},"end":{"line":299,"column":null}},"115":{"start":{"line":303,"column":4},"end":{"line":303,"column":null}},"116":{"start":{"line":305,"column":4},"end":{"line":305,"column":null}},"117":{"start":{"line":308,"column":4},"end":{"line":308,"column":null}},"118":{"start":{"line":310,"column":4},"end":{"line":314,"column":null}},"119":{"start":{"line":316,"column":4},"end":{"line":316,"column":null}},"120":{"start":{"line":317,"column":4},"end":{"line":317,"column":null}},"121":{"start":{"line":322,"column":2},"end":{"line":338,"column":null}},"122":{"start":{"line":323,"column":30},"end":{"line":323,"column":null}},"123":{"start":{"line":324,"column":4},"end":{"line":324,"column":null}},"124":{"start":{"line":324,"column":28},"end":{"line":324,"column":null}},"125":{"start":{"line":326,"column":42},"end":{"line":326,"column":null}},"126":{"start":{"line":328,"column":25},"end":{"line":331,"column":null}},"127":{"start":{"line":329,"column":6},"end":{"line":331,"column":null}},"128":{"start":{"line":334,"column":4},"end":{"line":334,"column":null}},"129":{"start":{"line":336,"column":4},"end":{"line":336,"column":null}},"130":{"start":{"line":337,"column":4},"end":{"line":337,"column":null}},"131":{"start":{"line":342,"column":2},"end":{"line":344,"column":null}},"132":{"start":{"line":343,"column":4},"end":{"line":343,"column":null}},"133":{"start":{"line":346,"column":18},"end":{"line":346,"column":null}},"134":{"start":{"line":347,"column":2},"end":{"line":347,"column":null}},"135":{"start":{"line":347,"column":16},"end":{"line":347,"column":null}},"136":{"start":{"line":350,"column":2},"end":{"line":350,"column":null}},"137":{"start":{"line":353,"column":2},"end":{"line":362,"column":null}},"138":{"start":{"line":354,"column":30},"end":{"line":354,"column":null}},"139":{"start":{"line":355,"column":4},"end":{"line":359,"column":null}},"140":{"start":{"line":356,"column":42},"end":{"line":356,"column":null}},"141":{"start":{"line":357,"column":6},"end":{"line":357,"column":null}},"142":{"start":{"line":357,"column":36},"end":{"line":357,"column":null}},"143":{"start":{"line":358,"column":6},"end":{"line":358,"column":null}},"144":{"start":{"line":361,"column":4},"end":{"line":361,"column":null}},"145":{"start":{"line":364,"column":2},"end":{"line":364,"column":null}}},"fnMap":{"0":{"name":"clonarDatos","decl":{"start":{"line":12,"column":9},"end":{"line":12,"column":21}},"loc":{"start":{"line":12,"column":41},"end":{"line":17,"column":null}},"line":12},"1":{"name":"(anonymous_1)","decl":{"start":{"line":14,"column":33},"end":{"line":14,"column":34}},"loc":{"start":{"line":14,"column":47},"end":{"line":14,"column":null}},"line":14},"2":{"name":"crearDatosIniciales","decl":{"start":{"line":19,"column":9},"end":{"line":19,"column":null}},"loc":{"start":{"line":19,"column":9},"end":{"line":21,"column":null}},"line":19},"3":{"name":"obtenerDatosUsuarios","decl":{"start":{"line":27,"column":16},"end":{"line":27,"column":null}},"loc":{"start":{"line":27,"column":16},"end":{"line":41,"column":null}},"line":27},"4":{"name":"guardarDatosUsuarios","decl":{"start":{"line":43,"column":16},"end":{"line":43,"column":37}},"loc":{"start":{"line":43,"column":57},"end":{"line":49,"column":null}},"line":43},"5":{"name":"actualizarDatosUsuarios","decl":{"start":{"line":51,"column":16},"end":{"line":51,"column":null}},"loc":{"start":{"line":52,"column":54},"end":{"line":58,"column":null}},"line":52},"6":{"name":"obtenerTodosLosUsuarios","decl":{"start":{"line":64,"column":16},"end":{"line":64,"column":null}},"loc":{"start":{"line":64,"column":16},"end":{"line":67,"column":null}},"line":64},"7":{"name":"obtenerUsuarioPorId","decl":{"start":{"line":69,"column":16},"end":{"line":69,"column":36}},"loc":{"start":{"line":69,"column":46},"end":{"line":72,"column":null}},"line":69},"8":{"name":"(anonymous_8)","decl":{"start":{"line":71,"column":29},"end":{"line":71,"column":30}},"loc":{"start":{"line":71,"column":36},"end":{"line":71,"column":null}},"line":71},"9":{"name":"obtenerUsuarioPorEmail","decl":{"start":{"line":74,"column":16},"end":{"line":74,"column":39}},"loc":{"start":{"line":74,"column":52},"end":{"line":77,"column":null}},"line":74},"10":{"name":"(anonymous_10)","decl":{"start":{"line":76,"column":29},"end":{"line":76,"column":30}},"loc":{"start":{"line":76,"column":36},"end":{"line":76,"column":null}},"line":76},"11":{"name":"obtenerUsuarioPorNombreUsuario","decl":{"start":{"line":79,"column":16},"end":{"line":79,"column":47}},"loc":{"start":{"line":79,"column":62},"end":{"line":82,"column":null}},"line":79},"12":{"name":"(anonymous_12)","decl":{"start":{"line":81,"column":29},"end":{"line":81,"column":30}},"loc":{"start":{"line":81,"column":36},"end":{"line":81,"column":null}},"line":81},"13":{"name":"registrarUsuario","decl":{"start":{"line":84,"column":16},"end":{"line":84,"column":33}},"loc":{"start":{"line":84,"column":85},"end":{"line":112,"column":null}},"line":84},"14":{"name":"(anonymous_14)","decl":{"start":{"line":95,"column":52},"end":{"line":95,"column":53}},"loc":{"start":{"line":95,"column":53},"end":{"line":109,"column":null}},"line":95},"15":{"name":"actualizarUsuario","decl":{"start":{"line":114,"column":16},"end":{"line":114,"column":34}},"loc":{"start":{"line":114,"column":72},"end":{"line":131,"column":null}},"line":114},"16":{"name":"(anonymous_16)","decl":{"start":{"line":116,"column":26},"end":{"line":116,"column":27}},"loc":{"start":{"line":116,"column":27},"end":{"line":129,"column":null}},"line":116},"17":{"name":"(anonymous_17)","decl":{"start":{"line":117,"column":44},"end":{"line":117,"column":45}},"loc":{"start":{"line":117,"column":51},"end":{"line":117,"column":null}},"line":117},"18":{"name":"eliminarUsuario","decl":{"start":{"line":133,"column":16},"end":{"line":133,"column":32}},"loc":{"start":{"line":133,"column":42},"end":{"line":145,"column":null}},"line":133},"19":{"name":"(anonymous_19)","decl":{"start":{"line":135,"column":26},"end":{"line":135,"column":27}},"loc":{"start":{"line":135,"column":27},"end":{"line":143,"column":null}},"line":135},"20":{"name":"(anonymous_20)","decl":{"start":{"line":136,"column":44},"end":{"line":136,"column":45}},"loc":{"start":{"line":136,"column":51},"end":{"line":136,"column":null}},"line":136},"21":{"name":"iniciarSesion","decl":{"start":{"line":151,"column":16},"end":{"line":151,"column":30}},"loc":{"start":{"line":151,"column":69},"end":{"line":185,"column":null}},"line":151},"22":{"name":"(anonymous_22)","decl":{"start":{"line":154,"column":4},"end":{"line":154,"column":5}},"loc":{"start":{"line":155,"column":6},"end":{"line":157,"column":34}},"line":155},"23":{"name":"cerrarSesion","decl":{"start":{"line":187,"column":16},"end":{"line":187,"column":null}},"loc":{"start":{"line":187,"column":16},"end":{"line":189,"column":null}},"line":187},"24":{"name":"obtenerSesionActiva","decl":{"start":{"line":191,"column":16},"end":{"line":191,"column":null}},"loc":{"start":{"line":191,"column":16},"end":{"line":201,"column":null}},"line":191},"25":{"name":"guardarSesionActiva","decl":{"start":{"line":203,"column":16},"end":{"line":203,"column":36}},"loc":{"start":{"line":203,"column":57},"end":{"line":209,"column":null}},"line":203},"26":{"name":"estaAutenticado","decl":{"start":{"line":211,"column":16},"end":{"line":211,"column":null}},"loc":{"start":{"line":211,"column":16},"end":{"line":213,"column":null}},"line":211},"27":{"name":"esAdministrador","decl":{"start":{"line":215,"column":16},"end":{"line":215,"column":null}},"loc":{"start":{"line":215,"column":16},"end":{"line":218,"column":null}},"line":215},"28":{"name":"resetearUsuarios","decl":{"start":{"line":224,"column":16},"end":{"line":224,"column":null}},"loc":{"start":{"line":224,"column":16},"end":{"line":227,"column":null}},"line":224},"29":{"name":"cambiarPassword","decl":{"start":{"line":229,"column":16},"end":{"line":229,"column":32}},"loc":{"start":{"line":229,"column":93},"end":{"line":237,"column":null}},"line":229},"30":{"name":"eliminarCuentaConConfirmacion","decl":{"start":{"line":239,"column":16},"end":{"line":239,"column":46}},"loc":{"start":{"line":239,"column":78},"end":{"line":256,"column":null}},"line":239},"31":{"name":"generarCodigoRecuperacion","decl":{"start":{"line":270,"column":9},"end":{"line":270,"column":null}},"loc":{"start":{"line":270,"column":9},"end":{"line":273,"column":null}},"line":270},"32":{"name":"solicitarRecuperacionPassword","decl":{"start":{"line":275,"column":16},"end":{"line":275,"column":46}},"loc":{"start":{"line":275,"column":59},"end":{"line":319,"column":null}},"line":275},"33":{"name":"(anonymous_33)","decl":{"start":{"line":298,"column":29},"end":{"line":298,"column":null}},"loc":{"start":{"line":299,"column":6},"end":{"line":299,"column":null}},"line":299},"34":{"name":"verificarCodigoRecuperacion","decl":{"start":{"line":321,"column":16},"end":{"line":321,"column":44}},"loc":{"start":{"line":321,"column":73},"end":{"line":339,"column":null}},"line":321},"35":{"name":"(anonymous_35)","decl":{"start":{"line":328,"column":38},"end":{"line":328,"column":null}},"loc":{"start":{"line":329,"column":6},"end":{"line":331,"column":null}},"line":329},"36":{"name":"restablecerPassword","decl":{"start":{"line":341,"column":16},"end":{"line":341,"column":36}},"loc":{"start":{"line":341,"column":88},"end":{"line":365,"column":null}},"line":341},"37":{"name":"(anonymous_37)","decl":{"start":{"line":357,"column":31},"end":{"line":357,"column":36}},"loc":{"start":{"line":357,"column":36},"end":{"line":357,"column":null}},"line":357}},"branchMap":{"0":{"loc":{"start":{"line":30,"column":4},"end":{"line":33,"column":null}},"type":"if","locations":[{"start":{"line":30,"column":4},"end":{"line":33,"column":null}},{"start":{},"end":{}}],"line":30},"1":{"loc":{"start":{"line":86,"column":2},"end":{"line":88,"column":null}},"type":"if","locations":[{"start":{"line":86,"column":2},"end":{"line":88,"column":null}},{"start":{},"end":{}}],"line":86},"2":{"loc":{"start":{"line":91,"column":2},"end":{"line":93,"column":null}},"type":"if","locations":[{"start":{"line":91,"column":2},"end":{"line":93,"column":null}},{"start":{},"end":{}}],"line":91},"3":{"loc":{"start":{"line":103,"column":11},"end":{"line":103,"column":null}},"type":"binary-expr","locations":[{"start":{"line":103,"column":11},"end":{"line":103,"column":27}},{"start":{"line":103,"column":31},"end":{"line":103,"column":null}}],"line":103},"4":{"loc":{"start":{"line":118,"column":4},"end":{"line":127,"column":null}},"type":"if","locations":[{"start":{"line":118,"column":4},"end":{"line":127,"column":null}},{"start":{},"end":{}}],"line":118},"5":{"loc":{"start":{"line":137,"column":4},"end":{"line":141,"column":null}},"type":"if","locations":[{"start":{"line":137,"column":4},"end":{"line":141,"column":null}},{"start":{},"end":{}}],"line":137},"6":{"loc":{"start":{"line":155,"column":6},"end":{"line":157,"column":34}},"type":"binary-expr","locations":[{"start":{"line":155,"column":7},"end":{"line":155,"column":36}},{"start":{"line":155,"column":36},"end":{"line":155,"column":62}},{"start":{"line":156,"column":6},"end":{"line":156,"column":null}},{"start":{"line":157,"column":6},"end":{"line":157,"column":34}}],"line":155},"7":{"loc":{"start":{"line":160,"column":2},"end":{"line":162,"column":null}},"type":"if","locations":[{"start":{"line":160,"column":2},"end":{"line":162,"column":null}},{"start":{},"end":{}}],"line":160},"8":{"loc":{"start":{"line":166,"column":2},"end":{"line":168,"column":null}},"type":"if","locations":[{"start":{"line":166,"column":2},"end":{"line":168,"column":null}},{"start":{},"end":{}}],"line":166},"9":{"loc":{"start":{"line":166,"column":6},"end":{"line":166,"column":104}},"type":"binary-expr","locations":[{"start":{"line":166,"column":6},"end":{"line":166,"column":27}},{"start":{"line":166,"column":27},"end":{"line":166,"column":65}},{"start":{"line":166,"column":65},"end":{"line":166,"column":104}}],"line":166},"10":{"loc":{"start":{"line":194,"column":4},"end":{"line":196,"column":null}},"type":"if","locations":[{"start":{"line":194,"column":4},"end":{"line":196,"column":null}},{"start":{},"end":{}}],"line":194},"11":{"loc":{"start":{"line":231,"column":2},"end":{"line":233,"column":null}},"type":"if","locations":[{"start":{"line":231,"column":2},"end":{"line":233,"column":null}},{"start":{},"end":{}}],"line":231},"12":{"loc":{"start":{"line":231,"column":6},"end":{"line":231,"column":55}},"type":"binary-expr","locations":[{"start":{"line":231,"column":6},"end":{"line":231,"column":18}},{"start":{"line":231,"column":18},"end":{"line":231,"column":55}}],"line":231},"13":{"loc":{"start":{"line":243,"column":2},"end":{"line":245,"column":null}},"type":"if","locations":[{"start":{"line":243,"column":2},"end":{"line":245,"column":null}},{"start":{},"end":{}}],"line":243},"14":{"loc":{"start":{"line":243,"column":6},"end":{"line":243,"column":49}},"type":"binary-expr","locations":[{"start":{"line":243,"column":6},"end":{"line":243,"column":18}},{"start":{"line":243,"column":18},"end":{"line":243,"column":49}}],"line":243},"15":{"loc":{"start":{"line":251,"column":2},"end":{"line":253,"column":null}},"type":"if","locations":[{"start":{"line":251,"column":2},"end":{"line":253,"column":null}},{"start":{},"end":{}}],"line":251},"16":{"loc":{"start":{"line":278,"column":2},"end":{"line":280,"column":null}},"type":"if","locations":[{"start":{"line":278,"column":2},"end":{"line":280,"column":null}},{"start":{},"end":{}}],"line":278},"17":{"loc":{"start":{"line":295,"column":40},"end":{"line":295,"column":94}},"type":"cond-expr","locations":[{"start":{"line":295,"column":60},"end":{"line":295,"column":92}},{"start":{"line":295,"column":92},"end":{"line":295,"column":94}}],"line":295},"18":{"loc":{"start":{"line":299,"column":6},"end":{"line":299,"column":null}},"type":"binary-expr","locations":[{"start":{"line":299,"column":6},"end":{"line":299,"column":45}},{"start":{"line":299,"column":45},"end":{"line":299,"column":null}}],"line":299},"19":{"loc":{"start":{"line":324,"column":4},"end":{"line":324,"column":null}},"type":"if","locations":[{"start":{"line":324,"column":4},"end":{"line":324,"column":null}},{"start":{},"end":{}}],"line":324},"20":{"loc":{"start":{"line":329,"column":6},"end":{"line":331,"column":null}},"type":"binary-expr","locations":[{"start":{"line":329,"column":6},"end":{"line":329,"column":null}},{"start":{"line":330,"column":6},"end":{"line":330,"column":null}},{"start":{"line":331,"column":6},"end":{"line":331,"column":null}}],"line":329},"21":{"loc":{"start":{"line":342,"column":2},"end":{"line":344,"column":null}},"type":"if","locations":[{"start":{"line":342,"column":2},"end":{"line":344,"column":null}},{"start":{},"end":{}}],"line":342},"22":{"loc":{"start":{"line":347,"column":2},"end":{"line":347,"column":null}},"type":"if","locations":[{"start":{"line":347,"column":2},"end":{"line":347,"column":null}},{"start":{},"end":{}}],"line":347},"23":{"loc":{"start":{"line":355,"column":4},"end":{"line":359,"column":null}},"type":"if","locations":[{"start":{"line":355,"column":4},"end":{"line":359,"column":null}},{"start":{},"end":{}}],"line":355},"24":{"loc":{"start":{"line":357,"column":38},"end":{"line":357,"column":77}},"type":"binary-expr","locations":[{"start":{"line":357,"column":38},"end":{"line":357,"column":59}},{"start":{"line":357,"column":59},"end":{"line":357,"column":77}}],"line":357}},"s":{"0":2,"1":2,"2":36,"3":148,"4":11,"5":25,"6":25,"7":25,"8":14,"9":14,"10":0,"11":11,"12":11,"13":11,"14":16,"15":16,"16":0,"17":5,"18":5,"19":5,"20":5,"21":0,"22":0,"23":0,"24":0,"25":0,"26":8,"27":8,"28":35,"29":6,"30":6,"31":25,"32":8,"33":2,"34":6,"35":1,"36":5,"37":5,"38":5,"39":5,"40":5,"41":5,"42":5,"43":5,"44":0,"45":0,"46":0,"47":0,"48":0,"49":0,"50":0,"51":0,"52":0,"53":0,"54":0,"55":0,"56":0,"57":0,"58":0,"59":0,"60":0,"61":0,"62":0,"63":6,"64":6,"65":9,"66":6,"67":1,"68":5,"69":5,"70":0,"71":5,"72":5,"73":5,"74":20,"75":7,"76":7,"77":7,"78":4,"79":0,"80":3,"81":5,"82":5,"83":0,"84":0,"85":4,"86":4,"87":12,"88":12,"89":0,"90":0,"91":0,"92":0,"93":0,"94":0,"95":0,"96":0,"97":0,"98":0,"99":0,"100":0,"101":2,"102":0,"103":0,"104":0,"105":0,"106":0,"107":0,"108":0,"109":0,"110":0,"111":0,"112":0,"113":0,"114":0,"115":0,"116":0,"117":0,"118":0,"119":0,"120":0,"121":0,"122":0,"123":0,"124":0,"125":0,"126":0,"127":0,"128":0,"129":0,"130":0,"131":0,"132":0,"133":0,"134":0,"135":0,"136":0,"137":0,"138":0,"139":0,"140":0,"141":0,"142":0,"143":0,"144":0,"145":0},"f":{"0":36,"1":148,"2":11,"3":25,"4":16,"5":5,"6":0,"7":0,"8":0,"9":8,"10":35,"11":6,"12":25,"13":8,"14":5,"15":0,"16":0,"17":0,"18":0,"19":0,"20":0,"21":6,"22":9,"23":20,"24":7,"25":5,"26":0,"27":4,"28":12,"29":0,"30":0,"31":0,"32":0,"33":0,"34":0,"35":0,"36":0,"37":0},"b":{"0":[14,11],"1":[2,6],"2":[1,5],"3":[5,0],"4":[0,0],"5":[0,0],"6":[9,4,5,5],"7":[1,5],"8":[0,5],"9":[5,0,0],"10":[4,3],"11":[0,0],"12":[0,0],"13":[0,0],"14":[0,0],"15":[0,0],"16":[0,0],"17":[0,0],"18":[0,0],"19":[0,0],"20":[0,0,0],"21":[0,0],"22":[0,0],"23":[0,0],"24":[0,0]},"meta":{"lastBranch":25,"lastFunction":38,"lastStatement":146,"seen":{"s:5:29:5:Infinity":0,"s:6:28:6:Infinity":1,"f:12:9:12:21":0,"s:13:2:16:Infinity":2,"f:14:33:14:34":1,"s:14:47:14:Infinity":3,"f:19:9:19:Infinity":2,"s:20:2:20:Infinity":4,"f:27:16:27:Infinity":3,"s:28:2:36:Infinity":5,"s:29:29:29:Infinity":6,"b:30:4:33:Infinity:undefined:undefined:undefined:undefined":0,"s:30:4:33:Infinity":7,"s:31:35:31:Infinity":8,"s:32:6:32:Infinity":9,"s:35:4:35:Infinity":10,"s:38:25:38:Infinity":11,"s:39:2:39:Infinity":12,"s:40:2:40:Infinity":13,"f:43:16:43:37":4,"s:44:2:48:Infinity":14,"s:45:4:45:Infinity":15,"s:47:4:47:Infinity":16,"f:51:16:51:Infinity":5,"s:54:17:54:Infinity":17,"s:55:22:55:Infinity":18,"s:56:2:56:Infinity":19,"s:57:2:57:Infinity":20,"f:64:16:64:Infinity":6,"s:65:16:65:Infinity":21,"s:66:2:66:Infinity":22,"f:69:16:69:36":7,"s:70:16:70:Infinity":23,"s:71:2:71:Infinity":24,"f:71:29:71:30":8,"s:71:36:71:Infinity":25,"f:74:16:74:39":9,"s:75:16:75:Infinity":26,"s:76:2:76:Infinity":27,"f:76:29:76:30":10,"s:76:36:76:Infinity":28,"f:79:16:79:47":11,"s:80:16:80:Infinity":29,"s:81:2:81:Infinity":30,"f:81:29:81:30":12,"s:81:36:81:Infinity":31,"f:84:16:84:33":13,"b:86:2:88:Infinity:undefined:undefined:undefined:undefined":1,"s:86:2:88:Infinity":32,"s:87:4:87:Infinity":33,"b:91:2:93:Infinity:undefined:undefined:undefined:undefined":2,"s:91:2:93:Infinity":34,"s:92:4:92:Infinity":35,"s:95:28:109:Infinity":36,"f:95:52:95:53":14,"s:96:20:96:49":37,"s:97:30:104:Infinity":38,"b:103:11:103:27:103:31:103:Infinity":3,"s:105:4:105:Infinity":39,"s:106:4:106:Infinity":40,"s:107:4:107:Infinity":41,"s:108:4:108:Infinity":42,"s:111:2:111:Infinity":43,"f:114:16:114:34":15,"s:116:2:129:Infinity":44,"f:116:26:116:27":16,"s:117:19:117:Infinity":45,"f:117:44:117:45":17,"s:117:51:117:Infinity":46,"b:118:4:127:Infinity:undefined:undefined:undefined:undefined":4,"s:118:4:127:Infinity":47,"s:119:6:124:Infinity":48,"s:125:6:125:Infinity":49,"s:126:6:126:Infinity":50,"s:128:4:128:Infinity":51,"s:130:2:130:Infinity":52,"f:133:16:133:32":18,"s:134:18:134:Infinity":53,"s:135:2:143:Infinity":54,"f:135:26:135:27":19,"s:136:19:136:Infinity":55,"f:136:44:136:45":20,"s:136:51:136:Infinity":56,"b:137:4:141:Infinity:undefined:undefined:undefined:undefined":5,"s:137:4:141:Infinity":57,"s:138:6:138:Infinity":58,"s:139:6:139:Infinity":59,"s:140:6:140:Infinity":60,"s:142:4:142:Infinity":61,"s:144:2:144:Infinity":62,"f:151:16:151:30":21,"s:152:16:152:Infinity":63,"s:153:18:157:Infinity":64,"f:154:4:154:5":22,"s:155:6:157:34":65,"b:155:7:155:36:155:36:155:62:156:6:156:Infinity:157:6:157:34":6,"b:160:2:162:Infinity:undefined:undefined:undefined:undefined":7,"s:160:2:162:Infinity":66,"s:161:4:161:Infinity":67,"s:165:26:165:40":68,"b:166:2:168:Infinity:undefined:undefined:undefined:undefined":8,"s:166:2:168:Infinity":69,"b:166:6:166:27:166:27:166:65:166:65:166:104":9,"s:167:4:167:Infinity":70,"s:170:32:181:Infinity":71,"s:183:2:183:Infinity":72,"s:184:2:184:Infinity":73,"f:187:16:187:Infinity":23,"s:188:2:188:Infinity":74,"f:191:16:191:Infinity":24,"s:192:2:199:Infinity":75,"s:193:29:193:Infinity":76,"b:194:4:196:Infinity:undefined:undefined:undefined:undefined":10,"s:194:4:196:Infinity":77,"s:195:6:195:Infinity":78,"s:198:4:198:Infinity":79,"s:200:2:200:Infinity":80,"f:203:16:203:36":25,"s:204:2:208:Infinity":81,"s:205:4:205:Infinity":82,"s:207:4:207:Infinity":83,"f:211:16:211:Infinity":26,"s:212:2:212:Infinity":84,"f:215:16:215:Infinity":27,"s:216:17:216:Infinity":85,"s:217:2:217:Infinity":86,"f:224:16:224:Infinity":28,"s:225:2:225:Infinity":87,"s:226:2:226:Infinity":88,"f:229:16:229:32":29,"s:230:18:230:Infinity":89,"b:231:2:233:Infinity:undefined:undefined:undefined:undefined":11,"s:231:2:233:Infinity":90,"b:231:6:231:18:231:18:231:55":12,"s:232:4:232:Infinity":91,"s:235:2:235:Infinity":92,"s:236:2:236:Infinity":93,"f:239:16:239:46":30,"s:240:18:240:Infinity":94,"b:243:2:245:Infinity:undefined:undefined:undefined:undefined":13,"s:243:2:245:Infinity":95,"b:243:6:243:18:243:18:243:49":14,"s:244:4:244:Infinity":96,"s:248:20:248:Infinity":97,"b:251:2:253:Infinity:undefined:undefined:undefined:undefined":15,"s:251:2:253:Infinity":98,"s:252:4:252:Infinity":99,"s:255:2:255:Infinity":100,"s:262:35:262:Infinity":101,"f:270:9:270:Infinity":31,"s:272:2:272:Infinity":102,"f:275:16:275:46":32,"s:276:18:276:Infinity":103,"b:278:2:280:Infinity:undefined:undefined:undefined:undefined":16,"s:278:2:280:Infinity":104,"s:279:4:279:Infinity":105,"s:282:17:282:Infinity":106,"s:283:21:283:Infinity":107,"s:284:2:284:55":108,"s:286:49:290:Infinity":109,"s:292:2:318:Infinity":110,"s:294:30:294:Infinity":111,"s:295:40:295:94":112,"b:295:60:295:92:295:92:295:94":17,"s:298:4:299:Infinity":113,"f:298:29:298:Infinity":33,"s:299:6:299:Infinity":114,"b:299:6:299:45:299:45:299:Infinity":18,"s:303:4:303:Infinity":115,"s:305:4:305:Infinity":116,"s:308:4:308:Infinity":117,"s:310:4:314:Infinity":118,"s:316:4:316:Infinity":119,"s:317:4:317:Infinity":120,"f:321:16:321:44":34,"s:322:2:338:Infinity":121,"s:323:30:323:Infinity":122,"b:324:4:324:Infinity:undefined:undefined:undefined:undefined":19,"s:324:4:324:Infinity":123,"s:324:28:324:Infinity":124,"s:326:42:326:Infinity":125,"s:328:25:331:Infinity":126,"f:328:38:328:Infinity":35,"s:329:6:331:Infinity":127,"b:329:6:329:Infinity:330:6:330:Infinity:331:6:331:Infinity":20,"s:334:4:334:Infinity":128,"s:336:4:336:Infinity":129,"s:337:4:337:Infinity":130,"f:341:16:341:36":36,"b:342:2:344:Infinity:undefined:undefined:undefined:undefined":21,"s:342:2:344:Infinity":131,"s:343:4:343:Infinity":132,"s:346:18:346:Infinity":133,"b:347:2:347:Infinity:undefined:undefined:undefined:undefined":22,"s:347:2:347:Infinity":134,"s:347:16:347:Infinity":135,"s:350:2:350:Infinity":136,"s:353:2:362:Infinity":137,"s:354:30:354:Infinity":138,"b:355:4:359:Infinity:undefined:undefined:undefined:undefined":23,"s:355:4:359:Infinity":139,"s:356:42:356:Infinity":140,"s:357:6:357:Infinity":141,"f:357:31:357:36":37,"s:357:36:357:Infinity":142,"b:357:38:357:59:357:59:357:77":24,"s:358:6:358:Infinity":143,"s:361:4:361:Infinity":144,"s:364:2:364:Infinity":145}}}
,"C:\\Users\\maurisio\\Desktop\\reactito\\src\\services\\usuariosIniciales.ts": {"path":"C:\\Users\\maurisio\\Desktop\\reactito\\src\\services\\usuariosIniciales.ts","statementMap":{"0":{"start":{"line":4,"column":45},"end":{"line":62,"column":null}},"1":{"start":{"line":64,"column":53},"end":{"line":71,"column":null}}},"fnMap":{},"branchMap":{},"s":{"0":2,"1":2},"f":{},"b":{},"meta":{"lastBranch":0,"lastFunction":0,"lastStatement":2,"seen":{"s:4:45:62:Infinity":0,"s:64:53:71:Infinity":1}}}
,"C:\\Users\\maurisio\\Desktop\\reactito\\src\\store\\authStore.ts": {"path":"C:\\Users\\maurisio\\Desktop\\reactito\\src\\store\\authStore.ts","statementMap":{"0":{"start":{"line":23,"column":13},"end":{"line":87,"column":null}},"1":{"start":{"line":25,"column":14},"end":{"line":84,"column":null}},"2":{"start":{"line":31,"column":14},"end":{"line":31,"column":null}},"3":{"start":{"line":32,"column":8},"end":{"line":39,"column":null}},"4":{"start":{"line":33,"column":10},"end":{"line":37,"column":null}},"5":{"start":{"line":38,"column":10},"end":{"line":38,"column":null}},"6":{"start":{"line":40,"column":8},"end":{"line":40,"column":null}},"7":{"start":{"line":44,"column":8},"end":{"line":64,"column":null}},"8":{"start":{"line":45,"column":45},"end":{"line":45,"column":null}},"9":{"start":{"line":46,"column":27},"end":{"line":46,"column":null}},"10":{"start":{"line":48,"column":16},"end":{"line":58,"column":null}},"11":{"start":{"line":60,"column":10},"end":{"line":60,"column":null}},"12":{"start":{"line":62,"column":10},"end":{"line":62,"column":null}},"13":{"start":{"line":63,"column":10},"end":{"line":63,"column":null}},"14":{"start":{"line":68,"column":8},"end":{"line":68,"column":null}},"15":{"start":{"line":69,"column":8},"end":{"line":73,"column":null}},"16":{"start":{"line":77,"column":14},"end":{"line":77,"column":null}},"17":{"start":{"line":78,"column":8},"end":{"line":82,"column":null}}},"fnMap":{"0":{"name":"(anonymous_0)","decl":{"start":{"line":25,"column":4},"end":{"line":25,"column":5}},"loc":{"start":{"line":25,"column":14},"end":{"line":84,"column":null}},"line":25},"1":{"name":"(anonymous_1)","decl":{"start":{"line":30,"column":13},"end":{"line":30,"column":20}},"loc":{"start":{"line":30,"column":43},"end":{"line":41,"column":null}},"line":30},"2":{"name":"(anonymous_2)","decl":{"start":{"line":43,"column":16},"end":{"line":43,"column":23}},"loc":{"start":{"line":43,"column":56},"end":{"line":65,"column":null}},"line":43},"3":{"name":"(anonymous_3)","decl":{"start":{"line":67,"column":14},"end":{"line":67,"column":null}},"loc":{"start":{"line":67,"column":14},"end":{"line":74,"column":null}},"line":67},"4":{"name":"(anonymous_4)","decl":{"start":{"line":76,"column":17},"end":{"line":76,"column":null}},"loc":{"start":{"line":76,"column":17},"end":{"line":83,"column":null}},"line":76}},"branchMap":{"0":{"loc":{"start":{"line":32,"column":8},"end":{"line":39,"column":null}},"type":"if","locations":[{"start":{"line":32,"column":8},"end":{"line":39,"column":null}},{"start":{},"end":{}}],"line":32},"1":{"loc":{"start":{"line":46,"column":27},"end":{"line":46,"column":null}},"type":"binary-expr","locations":[{"start":{"line":46,"column":27},"end":{"line":46,"column":54}},{"start":{"line":46,"column":54},"end":{"line":46,"column":null}}],"line":46}},"s":{"0":1,"1":1,"2":4,"3":4,"4":3,"5":3,"6":1,"7":3,"8":3,"9":3,"10":3,"11":3,"12":0,"13":0,"14":8,"15":8,"16":0,"17":0},"f":{"0":1,"1":4,"2":3,"3":8,"4":0},"b":{"0":[3,1],"1":[3,0]},"meta":{"lastBranch":2,"lastFunction":5,"lastStatement":18,"seen":{"s:23:13:87:Infinity":0,"f:25:4:25:5":0,"s:25:14:84:Infinity":1,"f:30:13:30:20":1,"s:31:14:31:Infinity":2,"b:32:8:39:Infinity:undefined:undefined:undefined:undefined":0,"s:32:8:39:Infinity":3,"s:33:10:37:Infinity":4,"s:38:10:38:Infinity":5,"s:40:8:40:Infinity":6,"f:43:16:43:23":2,"s:44:8:64:Infinity":7,"s:45:45:45:Infinity":8,"s:46:27:46:Infinity":9,"b:46:27:46:54:46:54:46:Infinity":1,"s:48:16:58:Infinity":10,"s:60:10:60:Infinity":11,"s:62:10:62:Infinity":12,"s:63:10:63:Infinity":13,"f:67:14:67:Infinity":3,"s:68:8:68:Infinity":14,"s:69:8:73:Infinity":15,"f:76:17:76:Infinity":4,"s:77:14:77:Infinity":16,"s:78:8:82:Infinity":17}}}
,"C:\\Users\\maurisio\\Desktop\\reactito\\src\\store\\cartStore.ts": {"path":"C:\\Users\\maurisio\\Desktop\\reactito\\src\\store\\cartStore.ts","statementMap":{"0":{"start":{"line":13,"column":25},"end":{"line":15,"column":null}},"1":{"start":{"line":14,"column":2},"end":{"line":14,"column":null}},"2":{"start":{"line":17,"column":13},"end":{"line":111,"column":null}},"3":{"start":{"line":19,"column":19},"end":{"line":108,"column":null}},"4":{"start":{"line":25,"column":26},"end":{"line":25,"column":null}},"5":{"start":{"line":26,"column":30},"end":{"line":26,"column":null}},"6":{"start":{"line":26,"column":51},"end":{"line":26,"column":83}},"7":{"start":{"line":29,"column":34},"end":{"line":29,"column":null}},"8":{"start":{"line":30,"column":30},"end":{"line":30,"column":null}},"9":{"start":{"line":32,"column":8},"end":{"line":36,"column":null}},"10":{"start":{"line":34,"column":10},"end":{"line":34,"column":null}},"11":{"start":{"line":35,"column":10},"end":{"line":35,"column":null}},"12":{"start":{"line":38,"column":8},"end":{"line":62,"column":null}},"13":{"start":{"line":40,"column":32},"end":{"line":40,"column":null}},"14":{"start":{"line":41,"column":10},"end":{"line":51,"column":null}},"15":{"start":{"line":43,"column":14},"end":{"line":49,"column":null}},"16":{"start":{"line":54,"column":42},"end":{"line":60,"column":null}},"17":{"start":{"line":61,"column":10},"end":{"line":61,"column":null}},"18":{"start":{"line":63,"column":8},"end":{"line":63,"column":null}},"19":{"start":{"line":64,"column":8},"end":{"line":64,"column":null}},"20":{"start":{"line":68,"column":8},"end":{"line":70,"column":null}},"21":{"start":{"line":69,"column":46},"end":{"line":69,"column":null}},"22":{"start":{"line":71,"column":8},"end":{"line":71,"column":null}},"23":{"start":{"line":75,"column":8},"end":{"line":78,"column":null}},"24":{"start":{"line":76,"column":10},"end":{"line":76,"column":null}},"25":{"start":{"line":77,"column":10},"end":{"line":77,"column":null}},"26":{"start":{"line":80,"column":8},"end":{"line":90,"column":null}},"27":{"start":{"line":82,"column":12},"end":{"line":88,"column":null}},"28":{"start":{"line":91,"column":8},"end":{"line":91,"column":null}},"29":{"start":{"line":95,"column":8},"end":{"line":99,"column":null}},"30":{"start":{"line":103,"column":26},"end":{"line":103,"column":null}},"31":{"start":{"line":104,"column":22},"end":{"line":104,"column":null}},"32":{"start":{"line":104,"column":50},"end":{"line":104,"column":69}},"33":{"start":{"line":105,"column":30},"end":{"line":105,"column":null}},"34":{"start":{"line":105,"column":58},"end":{"line":105,"column":77}},"35":{"start":{"line":106,"column":8},"end":{"line":106,"column":null}}},"fnMap":{"0":{"name":"(anonymous_0)","decl":{"start":{"line":13,"column":25},"end":{"line":13,"column":26}},"loc":{"start":{"line":13,"column":50},"end":{"line":15,"column":null}},"line":13},"1":{"name":"(anonymous_1)","decl":{"start":{"line":19,"column":4},"end":{"line":19,"column":5}},"loc":{"start":{"line":19,"column":19},"end":{"line":108,"column":null}},"line":19},"2":{"name":"(anonymous_2)","decl":{"start":{"line":24,"column":19},"end":{"line":24,"column":20}},"loc":{"start":{"line":24,"column":53},"end":{"line":65,"column":null}},"line":24},"3":{"name":"(anonymous_3)","decl":{"start":{"line":26,"column":41},"end":{"line":26,"column":42}},"loc":{"start":{"line":26,"column":51},"end":{"line":26,"column":83}},"line":26},"4":{"name":"(anonymous_4)","decl":{"start":{"line":42,"column":29},"end":{"line":42,"column":30}},"loc":{"start":{"line":43,"column":14},"end":{"line":49,"column":null}},"line":43},"5":{"name":"(anonymous_5)","decl":{"start":{"line":67,"column":20},"end":{"line":67,"column":21}},"loc":{"start":{"line":67,"column":21},"end":{"line":72,"column":null}},"line":67},"6":{"name":"(anonymous_6)","decl":{"start":{"line":69,"column":36},"end":{"line":69,"column":37}},"loc":{"start":{"line":69,"column":46},"end":{"line":69,"column":null}},"line":69},"7":{"name":"(anonymous_7)","decl":{"start":{"line":74,"column":26},"end":{"line":74,"column":27}},"loc":{"start":{"line":74,"column":47},"end":{"line":92,"column":null}},"line":74},"8":{"name":"(anonymous_8)","decl":{"start":{"line":81,"column":33},"end":{"line":81,"column":34}},"loc":{"start":{"line":82,"column":12},"end":{"line":88,"column":null}},"line":82},"9":{"name":"(anonymous_9)","decl":{"start":{"line":94,"column":22},"end":{"line":94,"column":null}},"loc":{"start":{"line":94,"column":22},"end":{"line":100,"column":null}},"line":94},"10":{"name":"(anonymous_10)","decl":{"start":{"line":102,"column":21},"end":{"line":102,"column":null}},"loc":{"start":{"line":102,"column":21},"end":{"line":107,"column":null}},"line":102},"11":{"name":"(anonymous_11)","decl":{"start":{"line":104,"column":35},"end":{"line":104,"column":36}},"loc":{"start":{"line":104,"column":50},"end":{"line":104,"column":69}},"line":104},"12":{"name":"(anonymous_12)","decl":{"start":{"line":105,"column":43},"end":{"line":105,"column":44}},"loc":{"start":{"line":105,"column":58},"end":{"line":105,"column":77}},"line":105}},"branchMap":{"0":{"loc":{"start":{"line":24,"column":41},"end":{"line":24,"column":53}},"type":"default-arg","locations":[{"start":{"line":24,"column":52},"end":{"line":24,"column":53}}],"line":24},"1":{"loc":{"start":{"line":29,"column":34},"end":{"line":29,"column":null}},"type":"cond-expr","locations":[{"start":{"line":29,"column":50},"end":{"line":29,"column":72}},{"start":{"line":29,"column":75},"end":{"line":29,"column":null}}],"line":29},"2":{"loc":{"start":{"line":32,"column":8},"end":{"line":36,"column":null}},"type":"if","locations":[{"start":{"line":32,"column":8},"end":{"line":36,"column":null}},{"start":{},"end":{}}],"line":32},"3":{"loc":{"start":{"line":38,"column":8},"end":{"line":62,"column":null}},"type":"if","locations":[{"start":{"line":38,"column":8},"end":{"line":62,"column":null}},{"start":{"line":52,"column":15},"end":{"line":62,"column":null}}],"line":38},"4":{"loc":{"start":{"line":43,"column":14},"end":{"line":49,"column":null}},"type":"cond-expr","locations":[{"start":{"line":44,"column":18},"end":{"line":48,"column":null}},{"start":{"line":49,"column":18},"end":{"line":49,"column":null}}],"line":43},"5":{"loc":{"start":{"line":75,"column":8},"end":{"line":78,"column":null}},"type":"if","locations":[{"start":{"line":75,"column":8},"end":{"line":78,"column":null}},{"start":{},"end":{}}],"line":75},"6":{"loc":{"start":{"line":82,"column":12},"end":{"line":88,"column":null}},"type":"cond-expr","locations":[{"start":{"line":83,"column":16},"end":{"line":87,"column":null}},{"start":{"line":88,"column":16},"end":{"line":88,"column":null}}],"line":82}},"s":{"0":1,"1":15,"2":1,"3":1,"4":15,"5":15,"6":6,"7":15,"8":15,"9":15,"10":1,"11":1,"12":14,"13":1,"14":1,"15":1,"16":13,"17":13,"18":14,"19":14,"20":2,"21":4,"22":2,"23":1,"24":0,"25":0,"26":1,"27":1,"28":1,"29":11,"30":17,"31":17,"32":21,"33":17,"34":21,"35":17},"f":{"0":15,"1":1,"2":15,"3":6,"4":1,"5":2,"6":4,"7":1,"8":1,"9":11,"10":17,"11":21,"12":21},"b":{"0":[15],"1":[2,13],"2":[1,14],"3":[1,13],"4":[1,0],"5":[0,1],"6":[1,0]},"meta":{"lastBranch":7,"lastFunction":13,"lastStatement":36,"seen":{"s:13:25:15:Infinity":0,"f:13:25:13:26":0,"s:14:2:14:Infinity":1,"s:17:13:111:Infinity":2,"f:19:4:19:5":1,"s:19:19:108:Infinity":3,"f:24:19:24:20":2,"b:24:52:24:53":0,"s:25:26:25:Infinity":4,"s:26:30:26:Infinity":5,"f:26:41:26:42":3,"s:26:51:26:83":6,"s:29:34:29:Infinity":7,"b:29:50:29:72:29:75:29:Infinity":1,"s:30:30:30:Infinity":8,"b:32:8:36:Infinity:undefined:undefined:undefined:undefined":2,"s:32:8:36:Infinity":9,"s:34:10:34:Infinity":10,"s:35:10:35:Infinity":11,"b:38:8:62:Infinity:52:15:62:Infinity":3,"s:38:8:62:Infinity":12,"s:40:32:40:Infinity":13,"s:41:10:51:Infinity":14,"f:42:29:42:30":4,"s:43:14:49:Infinity":15,"b:44:18:48:Infinity:49:18:49:Infinity":4,"s:54:42:60:Infinity":16,"s:61:10:61:Infinity":17,"s:63:8:63:Infinity":18,"s:64:8:64:Infinity":19,"f:67:20:67:21":5,"s:68:8:70:Infinity":20,"f:69:36:69:37":6,"s:69:46:69:Infinity":21,"s:71:8:71:Infinity":22,"f:74:26:74:27":7,"b:75:8:78:Infinity:undefined:undefined:undefined:undefined":5,"s:75:8:78:Infinity":23,"s:76:10:76:Infinity":24,"s:77:10:77:Infinity":25,"s:80:8:90:Infinity":26,"f:81:33:81:34":8,"s:82:12:88:Infinity":27,"b:83:16:87:Infinity:88:16:88:Infinity":6,"s:91:8:91:Infinity":28,"f:94:22:94:Infinity":9,"s:95:8:99:Infinity":29,"f:102:21:102:Infinity":10,"s:103:26:103:Infinity":30,"s:104:22:104:Infinity":31,"f:104:35:104:36":11,"s:104:50:104:69":32,"s:105:30:105:Infinity":33,"f:105:43:105:44":12,"s:105:58:105:77":34,"s:106:8:106:Infinity":35}}}
,"C:\\Users\\maurisio\\Desktop\\reactito\\src\\store\\productsStore.ts": {"path":"C:\\Users\\maurisio\\Desktop\\reactito\\src\\store\\productsStore.ts","statementMap":{"0":{"start":{"line":13,"column":24},"end":{"line":13,"column":null}},"1":{"start":{"line":14,"column":0},"end":{"line":17,"column":null}},"2":{"start":{"line":15,"column":2},"end":{"line":15,"column":null}},"3":{"start":{"line":16,"column":2},"end":{"line":16,"column":null}},"4":{"start":{"line":32,"column":13},"end":{"line":79,"column":null}},"5":{"start":{"line":32,"column":69},"end":{"line":79,"column":null}},"6":{"start":{"line":38,"column":4},"end":{"line":38,"column":null}},"7":{"start":{"line":39,"column":4},"end":{"line":50,"column":null}},"8":{"start":{"line":40,"column":12},"end":{"line":40,"column":null}},"9":{"start":{"line":41,"column":6},"end":{"line":44,"column":null}},"10":{"start":{"line":46,"column":6},"end":{"line":49,"column":null}},"11":{"start":{"line":54,"column":4},"end":{"line":54,"column":null}},"12":{"start":{"line":58,"column":4},"end":{"line":58,"column":null}},"13":{"start":{"line":59,"column":4},"end":{"line":59,"column":null}},"14":{"start":{"line":63,"column":4},"end":{"line":63,"column":null}},"15":{"start":{"line":64,"column":4},"end":{"line":64,"column":null}},"16":{"start":{"line":68,"column":10},"end":{"line":68,"column":null}},"17":{"start":{"line":69,"column":4},"end":{"line":72,"column":null}},"18":{"start":{"line":70,"column":6},"end":{"line":70,"column":null}},"19":{"start":{"line":71,"column":6},"end":{"line":71,"column":null}},"20":{"start":{"line":76,"column":4},"end":{"line":76,"column":null}},"21":{"start":{"line":77,"column":4},"end":{"line":77,"column":null}}},"fnMap":{"0":{"name":"(anonymous_0)","decl":{"start":{"line":32,"column":54},"end":{"line":32,"column":55}},"loc":{"start":{"line":32,"column":69},"end":{"line":79,"column":null}},"line":32},"1":{"name":"(anonymous_1)","decl":{"start":{"line":37,"column":19},"end":{"line":37,"column":null}},"loc":{"start":{"line":37,"column":19},"end":{"line":51,"column":null}},"line":37},"2":{"name":"(anonymous_2)","decl":{"start":{"line":53,"column":19},"end":{"line":53,"column":20}},"loc":{"start":{"line":53,"column":20},"end":{"line":55,"column":null}},"line":53},"3":{"name":"(anonymous_3)","decl":{"start":{"line":57,"column":19},"end":{"line":57,"column":20}},"loc":{"start":{"line":57,"column":20},"end":{"line":60,"column":null}},"line":57},"4":{"name":"(anonymous_4)","decl":{"start":{"line":62,"column":22},"end":{"line":62,"column":23}},"loc":{"start":{"line":62,"column":35},"end":{"line":65,"column":null}},"line":62},"5":{"name":"(anonymous_5)","decl":{"start":{"line":67,"column":19},"end":{"line":67,"column":20}},"loc":{"start":{"line":67,"column":32},"end":{"line":73,"column":null}},"line":67},"6":{"name":"(anonymous_6)","decl":{"start":{"line":75,"column":20},"end":{"line":75,"column":21}},"loc":{"start":{"line":75,"column":21},"end":{"line":78,"column":null}},"line":75}},"branchMap":{"0":{"loc":{"start":{"line":14,"column":0},"end":{"line":17,"column":null}},"type":"if","locations":[{"start":{"line":14,"column":0},"end":{"line":17,"column":null}},{"start":{},"end":{}}],"line":14},"1":{"loc":{"start":{"line":69,"column":4},"end":{"line":72,"column":null}},"type":"if","locations":[{"start":{"line":69,"column":4},"end":{"line":72,"column":null}},{"start":{},"end":{}}],"line":69}},"s":{"0":1,"1":1,"2":1,"3":1,"4":1,"5":1,"6":10,"7":10,"8":10,"9":10,"10":0,"11":6,"12":1,"13":1,"14":2,"15":2,"16":1,"17":1,"18":1,"19":1,"20":0,"21":0},"f":{"0":1,"1":10,"2":6,"3":1,"4":2,"5":1,"6":0},"b":{"0":[1,0],"1":[1,0]},"meta":{"lastBranch":2,"lastFunction":7,"lastStatement":22,"seen":{"s:13:24:13:Infinity":0,"b:14:0:17:Infinity:undefined:undefined:undefined:undefined":0,"s:14:0:17:Infinity":1,"s:15:2:15:Infinity":2,"s:16:2:16:Infinity":3,"s:32:13:79:Infinity":4,"f:32:54:32:55":0,"s:32:69:79:Infinity":5,"f:37:19:37:Infinity":1,"s:38:4:38:Infinity":6,"s:39:4:50:Infinity":7,"s:40:12:40:Infinity":8,"s:41:6:44:Infinity":9,"s:46:6:49:Infinity":10,"f:53:19:53:20":2,"s:54:4:54:Infinity":11,"f:57:19:57:20":3,"s:58:4:58:Infinity":12,"s:59:4:59:Infinity":13,"f:62:22:62:23":4,"s:63:4:63:Infinity":14,"s:64:4:64:Infinity":15,"f:67:19:67:20":5,"s:68:10:68:Infinity":16,"b:69:4:72:Infinity:undefined:undefined:undefined:undefined":1,"s:69:4:72:Infinity":17,"s:70:6:70:Infinity":18,"s:71:6:71:Infinity":19,"f:75:20:75:21":6,"s:76:4:76:Infinity":20,"s:77:4:77:Infinity":21}}}
,"C:\\Users\\maurisio\\Desktop\\reactito\\src\\types\\index.ts": {"path":"C:\\Users\\maurisio\\Desktop\\reactito\\src\\types\\index.ts","statementMap":{},"fnMap":{},"branchMap":{},"s":{},"f":{},"b":{},"meta":{"lastBranch":0,"lastFunction":0,"lastStatement":0,"seen":{}}}
,"C:\\Users\\maurisio\\Desktop\\reactito\\src\\types\\models.ts": {"path":"C:\\Users\\maurisio\\Desktop\\reactito\\src\\types\\models.ts","statementMap":{"0":{"start":{"line":1,"column":12},"end":{"line":1,"column":null}},"1":{"start":{"line":8,"column":12},"end":{"line":8,"column":null}},"2":{"start":{"line":13,"column":12},"end":{"line":13,"column":null}},"3":{"start":{"line":18,"column":12},"end":{"line":18,"column":null}}},"fnMap":{},"branchMap":{},"s":{"0":4,"1":4,"2":4,"3":4},"f":{},"b":{},"meta":{"lastBranch":0,"lastFunction":0,"lastStatement":4,"seen":{"s:1:12:1:Infinity":0,"s:8:12:8:Infinity":1,"s:13:12:13:Infinity":2,"s:18:12:18:Infinity":3}}}
}
